<?xml version="1.0" encoding="UTF-8"?>
<testsuite xmlns:xsi="http://www.w3.org/2001/XMLSchema-instance" xsi:noNamespaceSchemaLocation="https://maven.apache.org/surefire/maven-surefire-plugin/xsd/surefire-test-report.xsd" name="Softeem.Test.TestJDBC" time="0.55" tests="1" errors="0" skipped="0" failures="0">
  <properties>
    <property name="sun.desktop" value="windows"/>
    <property name="awt.toolkit" value="sun.awt.windows.WToolkit"/>
    <property name="file.encoding.pkg" value="sun.io"/>
    <property name="java.specification.version" value="1.8"/>
    <property name="sun.cpu.isalist" value="amd64"/>
    <property name="sun.jnu.encoding" value="GBK"/>
    <property name="java.class.path" value="D:\ideawenjian\springday02\target\test-classes;D:\ideawenjian\springday02\target\classes;D:\Maven_Repository\junit\junit\4.13-beta-3\junit-4.13-beta-3.jar;D:\Maven_Repository\org\hamcrest\hamcrest-core\1.3\hamcrest-core-1.3.jar;D:\Maven_Repository\org\springframework\spring-core\4.3.8.RELEASE\spring-core-4.3.8.RELEASE.jar;D:\Maven_Repository\org\springframework\spring-beans\4.3.8.RELEASE\spring-beans-4.3.8.RELEASE.jar;D:\Maven_Repository\org\springframework\spring-expression\4.3.8.RELEASE\spring-expression-4.3.8.RELEASE.jar;D:\Maven_Repository\org\springframework\spring-context\4.3.8.RELEASE\spring-context-4.3.8.RELEASE.jar;D:\Maven_Repository\org\springframework\spring-aop\4.3.8.RELEASE\spring-aop-4.3.8.RELEASE.jar;D:\Maven_Repository\org\springframework\spring-context-support\4.3.8.RELEASE\spring-context-support-4.3.8.RELEASE.jar;D:\Maven_Repository\commons-logging\commons-logging\1.1\commons-logging-1.1.jar;D:\Maven_Repository\logkit\logkit\1.0.1\logkit-1.0.1.jar;D:\Maven_Repository\avalon-framework\avalon-framework\4.1.3\avalon-framework-4.1.3.jar;D:\Maven_Repository\javax\servlet\servlet-api\2.3\servlet-api-2.3.jar;D:\Maven_Repository\log4j\log4j\1.2.17\log4j-1.2.17.jar;D:\Maven_Repository\mysql\mysql-connector-java\8.0.12\mysql-connector-java-8.0.12.jar;D:\Maven_Repository\com\google\protobuf\protobuf-java\2.6.0\protobuf-java-2.6.0.jar;D:\Maven_Repository\org\springframework\spring-jdbc\4.3.8.RELEASE\spring-jdbc-4.3.8.RELEASE.jar;D:\Maven_Repository\com\zaxxer\HikariCP\1.3.8\HikariCP-1.3.8.jar;D:\Maven_Repository\org\slf4j\slf4j-api\1.7.5\slf4j-api-1.7.5.jar;D:\Maven_Repository\org\javassist\javassist\3.18.1-GA\javassist-3.18.1-GA.jar;D:\Maven_Repository\org\springframework\spring-tx\4.3.8.RELEASE\spring-tx-4.3.8.RELEASE.jar;"/>
    <property name="java.vm.vendor" value="Oracle Corporation"/>
    <property name="sun.arch.data.model" value="64"/>
    <property name="user.variant" value=""/>
    <property name="java.vendor.url" value="http://java.oracle.com/"/>
    <property name="user.timezone" value="GMT+08:00"/>
    <property name="java.vm.specification.version" value="1.8"/>
    <property name="os.name" value="Windows 10"/>
    <property name="user.country" value="CN"/>
    <property name="sun.java.launcher" value="SUN_STANDARD"/>
    <property name="sun.boot.library.path" value="C:\Program Files\Java\jdk1.8.0_212\jre\bin"/>
    <property name="sun.java.command" value="C:\Users\LIUZHI~1\AppData\Local\Temp\surefire3689013163082654066\surefirebooter806847001568982210.jar C:\Users\LIUZHITIAN\AppData\Local\Temp\surefire3689013163082654066 2019-07-17T14-55-44_263-jvmRun1 surefire8359012658195712688tmp surefire_06395717269441157566tmp"/>
    <property name="surefire.test.class.path" value="D:\ideawenjian\springday02\target\test-classes;D:\ideawenjian\springday02\target\classes;D:\Maven_Repository\junit\junit\4.13-beta-3\junit-4.13-beta-3.jar;D:\Maven_Repository\org\hamcrest\hamcrest-core\1.3\hamcrest-core-1.3.jar;D:\Maven_Repository\org\springframework\spring-core\4.3.8.RELEASE\spring-core-4.3.8.RELEASE.jar;D:\Maven_Repository\org\springframework\spring-beans\4.3.8.RELEASE\spring-beans-4.3.8.RELEASE.jar;D:\Maven_Repository\org\springframework\spring-expression\4.3.8.RELEASE\spring-expression-4.3.8.RELEASE.jar;D:\Maven_Repository\org\springframework\spring-context\4.3.8.RELEASE\spring-context-4.3.8.RELEASE.jar;D:\Maven_Repository\org\springframework\spring-aop\4.3.8.RELEASE\spring-aop-4.3.8.RELEASE.jar;D:\Maven_Repository\org\springframework\spring-context-support\4.3.8.RELEASE\spring-context-support-4.3.8.RELEASE.jar;D:\Maven_Repository\commons-logging\commons-logging\1.1\commons-logging-1.1.jar;D:\Maven_Repository\logkit\logkit\1.0.1\logkit-1.0.1.jar;D:\Maven_Repository\avalon-framework\avalon-framework\4.1.3\avalon-framework-4.1.3.jar;D:\Maven_Repository\javax\servlet\servlet-api\2.3\servlet-api-2.3.jar;D:\Maven_Repository\log4j\log4j\1.2.17\log4j-1.2.17.jar;D:\Maven_Repository\mysql\mysql-connector-java\8.0.12\mysql-connector-java-8.0.12.jar;D:\Maven_Repository\com\google\protobuf\protobuf-java\2.6.0\protobuf-java-2.6.0.jar;D:\Maven_Repository\org\springframework\spring-jdbc\4.3.8.RELEASE\spring-jdbc-4.3.8.RELEASE.jar;D:\Maven_Repository\com\zaxxer\HikariCP\1.3.8\HikariCP-1.3.8.jar;D:\Maven_Repository\org\slf4j\slf4j-api\1.7.5\slf4j-api-1.7.5.jar;D:\Maven_Repository\org\javassist\javassist\3.18.1-GA\javassist-3.18.1-GA.jar;D:\Maven_Repository\org\springframework\spring-tx\4.3.8.RELEASE\spring-tx-4.3.8.RELEASE.jar;"/>
    <property name="sun.cpu.endian" value="little"/>
    <property name="user.home" value="C:\Users\LIUZHITIAN"/>
    <property name="user.language" value="zh"/>
    <property name="java.specification.vendor" value="Oracle Corporation"/>
    <property name="java.home" value="C:\Program Files\Java\jdk1.8.0_212\jre"/>
    <property name="basedir" value="D:\ideawenjian\springday02"/>
    <property name="file.separator" value="\"/>
    <property name="line.separator" value="&#10;"/>
    <property name="java.vm.specification.vendor" value="Oracle Corporation"/>
    <property name="java.specification.name" value="Java Platform API Specification"/>
    <property name="java.awt.graphicsenv" value="sun.awt.Win32GraphicsEnvironment"/>
    <property name="surefire.real.class.path" value="C:\Users\LIUZHI~1\AppData\Local\Temp\surefire3689013163082654066\surefirebooter806847001568982210.jar"/>
    <property name="sun.boot.class.path" value="C:\Program Files\Java\jdk1.8.0_212\jre\lib\resources.jar;C:\Program Files\Java\jdk1.8.0_212\jre\lib\rt.jar;C:\Program Files\Java\jdk1.8.0_212\jre\lib\sunrsasign.jar;C:\Program Files\Java\jdk1.8.0_212\jre\lib\jsse.jar;C:\Program Files\Java\jdk1.8.0_212\jre\lib\jce.jar;C:\Program Files\Java\jdk1.8.0_212\jre\lib\charsets.jar;C:\Program Files\Java\jdk1.8.0_212\jre\lib\jfr.jar;C:\Program Files\Java\jdk1.8.0_212\jre\classes"/>
    <property name="user.script" value=""/>
    <property name="sun.management.compiler" value="HotSpot 64-Bit Tiered Compilers"/>
    <property name="java.runtime.version" value="1.8.0_212-b10"/>
    <property name="user.name" value="LIUZHITIAN"/>
    <property name="path.separator" value=";"/>
    <property name="os.version" value="10.0"/>
    <property name="java.endorsed.dirs" value="C:\Program Files\Java\jdk1.8.0_212\jre\lib\endorsed"/>
    <property name="java.runtime.name" value="Java(TM) SE Runtime Environment"/>
    <property name="file.encoding" value="GBK"/>
    <property name="java.vm.name" value="Java HotSpot(TM) 64-Bit Server VM"/>
    <property name="localRepository" value="D:\Maven_Repository"/>
    <property name="java.vendor.url.bug" value="http://bugreport.sun.com/bugreport/"/>
    <property name="java.io.tmpdir" value="C:\Users\LIUZHI~1\AppData\Local\Temp\"/>
    <property name="java.version" value="1.8.0_212"/>
    <property name="user.dir" value="D:\ideawenjian\springday02"/>
    <property name="os.arch" value="amd64"/>
    <property name="java.vm.specification.name" value="Java Virtual Machine Specification"/>
    <property name="java.awt.printerjob" value="sun.awt.windows.WPrinterJob"/>
    <property name="idea.version2019.1.3" value="true"/>
    <property name="sun.os.patch.level" value=""/>
    <property name="java.library.path" value="C:\Program Files\Java\jdk1.8.0_212\jre\bin;C:\windows\Sun\Java\bin;C:\windows\system32;C:\windows;C:\Program Files (x86)\Common Files\Oracle\Java\javapath;C:\windows\system32;C:\windows;C:\windows\System32\Wbem;C:\windows\System32\WindowsPowerShell\v1.0\;C:\windows\System32\OpenSSH\;C:\Program Files\Intel\WiFi\bin\;C:\Program Files\Common Files\Intel\WirelessCommon\;D:\git\Git\cmd;%JAVA_HOME%\bin;%JAVA_HOME%\jre\bin;%MAVEN_HOME%\bin;C:\Users\LIUZHITIAN\AppData\Local\Microsoft\WindowsApps;C:\Program Files\Java\jdk1.8.0_212\jre\bin;C:\Program Files\Java\jdk1.8.0_212\bin;;."/>
    <property name="java.vm.info" value="mixed mode"/>
    <property name="java.vendor" value="Oracle Corporation"/>
    <property name="java.vm.version" value="25.212-b10"/>
    <property name="java.ext.dirs" value="C:\Program Files\Java\jdk1.8.0_212\jre\lib\ext;C:\windows\Sun\Java\lib\ext"/>
    <property name="sun.io.unicode.encoding" value="UnicodeLittle"/>
    <property name="maven.repo.local" value="D:\Maven_Repository"/>
    <property name="java.class.version" value="52.0"/>
  </properties>
  <testcase name="testApi" classname="Softeem.Test.TestJDBC" time="0.515"/>
</testsuite>