<?xml version="1.0" encoding="UTF-8" ?>
<testsuite tests="6" failures="0" name="Test1" time="0.89" errors="3" skipped="0">
  <properties>
    <property name="java.runtime.name" value="Java(TM) SE Runtime Environment"/>
    <property name="sun.boot.library.path" value="D:\Program Files\Java\jdk1.8.0_211\jre\bin"/>
    <property name="java.vm.version" value="25.211-b12"/>
    <property name="java.vm.vendor" value="Oracle Corporation"/>
    <property name="maven.multiModuleProjectDirectory" value="D:\SpringDay01\day4\mybatis"/>
    <property name="java.vendor.url" value="http://java.oracle.com/"/>
    <property name="path.separator" value=";"/>
    <property name="guice.disable.misplaced.annotation.check" value="true"/>
    <property name="java.vm.name" value="Java HotSpot(TM) 64-Bit Server VM"/>
    <property name="file.encoding.pkg" value="sun.io"/>
    <property name="user.script" value=""/>
    <property name="user.country" value="CN"/>
    <property name="sun.java.launcher" value="SUN_STANDARD"/>
    <property name="sun.os.patch.level" value=""/>
    <property name="java.vm.specification.name" value="Java Virtual Machine Specification"/>
    <property name="user.dir" value="D:\SpringDay01\day4\mybatis"/>
    <property name="java.runtime.version" value="1.8.0_211-b12"/>
    <property name="java.awt.graphicsenv" value="sun.awt.Win32GraphicsEnvironment"/>
    <property name="java.endorsed.dirs" value="D:\Program Files\Java\jdk1.8.0_211\jre\lib\endorsed"/>
    <property name="os.arch" value="amd64"/>
    <property name="java.io.tmpdir" value="C:\Users\lq\AppData\Local\Temp\"/>
    <property name="line.separator" value="
"/>
    <property name="java.vm.specification.vendor" value="Oracle Corporation"/>
    <property name="user.variant" value=""/>
    <property name="os.name" value="Windows 10"/>
    <property name="classworlds.conf" value="D:\Program Files\apache-maven-3.6.1\bin\m2.conf"/>
    <property name="sun.jnu.encoding" value="GBK"/>
    <property name="java.library.path" value="D:\Program Files\Java\jdk1.8.0_211\bin;C:\windows\Sun\Java\bin;C:\windows\system32;C:\windows;C:\Program Files (x86)\Common Files\Oracle\Java\javapath;C:\windows\system32;C:\windows;C:\windows\System32\Wbem;C:\windows\System32\WindowsPowerShell\v1.0\;C:\windows\System32\OpenSSH\;C:\Program Files\Intel\WiFi\bin\;C:\Program Files\Common Files\Intel\WirelessCommon\;D:\Program Files\Git\cmd;C:\Program Files\MySQL\MySQL Shell 8.0\bin\;."/>
    <property name="maven.conf" value="D:\Program Files\apache-maven-3.6.1/conf"/>
    <property name="java.specification.name" value="Java Platform API Specification"/>
    <property name="java.class.version" value="52.0"/>
    <property name="sun.management.compiler" value="HotSpot 64-Bit Tiered Compilers"/>
    <property name="maven.repo.local" value="D:\Users\lq\.m2\repository"/>
    <property name="os.version" value="10.0"/>
    <property name="user.home" value="C:\Users\lq"/>
    <property name="user.timezone" value="GMT+08:00"/>
    <property name="java.awt.printerjob" value="sun.awt.windows.WPrinterJob"/>
    <property name="java.specification.version" value="1.8"/>
    <property name="file.encoding" value="UTF-8"/>
    <property name="user.name" value="lq"/>
    <property name="java.class.path" value="D:\Program Files\apache-maven-3.6.1\boot\plexus-classworlds-2.6.0.jar"/>
    <property name="java.vm.specification.version" value="1.8"/>
    <property name="sun.arch.data.model" value="64"/>
    <property name="java.home" value="D:\Program Files\Java\jdk1.8.0_211\jre"/>
    <property name="sun.java.command" value="org.codehaus.classworlds.Launcher -Didea.version2019.1.3 -s D:\Users\lq\.m2\settings.xml -Dmaven.repo.local=D:\Users\lq\.m2\repository install"/>
    <property name="java.specification.vendor" value="Oracle Corporation"/>
    <property name="user.language" value="zh"/>
    <property name="awt.toolkit" value="sun.awt.windows.WToolkit"/>
    <property name="idea.version2019.1.3" value="true"/>
    <property name="java.vm.info" value="mixed mode"/>
    <property name="java.version" value="1.8.0_211"/>
    <property name="java.ext.dirs" value="D:\Program Files\Java\jdk1.8.0_211\jre\lib\ext;C:\windows\Sun\Java\lib\ext"/>
    <property name="sun.boot.class.path" value="D:\Program Files\Java\jdk1.8.0_211\jre\lib\resources.jar;D:\Program Files\Java\jdk1.8.0_211\jre\lib\rt.jar;D:\Program Files\Java\jdk1.8.0_211\jre\lib\sunrsasign.jar;D:\Program Files\Java\jdk1.8.0_211\jre\lib\jsse.jar;D:\Program Files\Java\jdk1.8.0_211\jre\lib\jce.jar;D:\Program Files\Java\jdk1.8.0_211\jre\lib\charsets.jar;D:\Program Files\Java\jdk1.8.0_211\jre\lib\jfr.jar;D:\Program Files\Java\jdk1.8.0_211\jre\classes"/>
    <property name="java.vendor" value="Oracle Corporation"/>
    <property name="maven.home" value="D:\Program Files\apache-maven-3.6.1"/>
    <property name="file.separator" value="\"/>
    <property name="java.vendor.url.bug" value="http://bugreport.sun.com/bugreport/"/>
    <property name="sun.cpu.endian" value="little"/>
    <property name="sun.io.unicode.encoding" value="UnicodeLittle"/>
    <property name="sun.desktop" value="windows"/>
    <property name="sun.cpu.isalist" value="amd64"/>
  </properties>
  <testcase classname="Test1" name="test1" time="0.54">
    <error message="Error serializing object.  Cause: java.io.NotSerializableException: com.hand.lq.pojo.OrderExt" type="org.apache.ibatis.cache.CacheException">org.apache.ibatis.cache.CacheException: Error serializing object.  Cause: java.io.NotSerializableException: com.hand.lq.pojo.OrderExt
	at org.apache.ibatis.cache.decorators.SerializedCache.serialize(SerializedCache.java:102)
	at org.apache.ibatis.cache.decorators.SerializedCache.putObject(SerializedCache.java:56)
	at org.apache.ibatis.cache.decorators.LoggingCache.putObject(LoggingCache.java:51)
	at org.apache.ibatis.cache.decorators.SynchronizedCache.putObject(SynchronizedCache.java:45)
	at org.apache.ibatis.cache.decorators.TransactionalCache.flushPendingEntries(TransactionalCache.java:122)
	at org.apache.ibatis.cache.decorators.TransactionalCache.commit(TransactionalCache.java:105)
	at org.apache.ibatis.cache.TransactionalCacheManager.commit(TransactionalCacheManager.java:44)
	at org.apache.ibatis.executor.CachingExecutor.close(CachingExecutor.java:61)
	at org.apache.ibatis.session.defaults.DefaultSqlSession.close(DefaultSqlSession.java:264)
	at Test1.test1(Test1.java:36)
	at sun.reflect.NativeMethodAccessorImpl.invoke0(Native Method)
	at sun.reflect.NativeMethodAccessorImpl.invoke(NativeMethodAccessorImpl.java:62)
	at sun.reflect.DelegatingMethodAccessorImpl.invoke(DelegatingMethodAccessorImpl.java:43)
	at java.lang.reflect.Method.invoke(Method.java:498)
	at org.junit.runners.model.FrameworkMethod$1.runReflectiveCall(FrameworkMethod.java:50)
	at org.junit.internal.runners.model.ReflectiveCallable.run(ReflectiveCallable.java:12)
	at org.junit.runners.model.FrameworkMethod.invokeExplosively(FrameworkMethod.java:47)
	at org.junit.internal.runners.statements.InvokeMethod.evaluate(InvokeMethod.java:17)
	at org.junit.internal.runners.statements.RunBefores.evaluate(RunBefores.java:26)
	at org.junit.runners.ParentRunner.runLeaf(ParentRunner.java:325)
	at org.junit.runners.BlockJUnit4ClassRunner.runChild(BlockJUnit4ClassRunner.java:78)
	at org.junit.runners.BlockJUnit4ClassRunner.runChild(BlockJUnit4ClassRunner.java:57)
	at org.junit.runners.ParentRunner$3.run(ParentRunner.java:290)
	at org.junit.runners.ParentRunner$1.schedule(ParentRunner.java:71)
	at org.junit.runners.ParentRunner.runChildren(ParentRunner.java:288)
	at org.junit.runners.ParentRunner.access$000(ParentRunner.java:58)
	at org.junit.runners.ParentRunner$2.evaluate(ParentRunner.java:268)
	at org.junit.runners.ParentRunner.run(ParentRunner.java:363)
	at org.apache.maven.surefire.junit4.JUnit4Provider.execute(JUnit4Provider.java:252)
	at org.apache.maven.surefire.junit4.JUnit4Provider.executeTestSet(JUnit4Provider.java:141)
	at org.apache.maven.surefire.junit4.JUnit4Provider.invoke(JUnit4Provider.java:112)
	at sun.reflect.NativeMethodAccessorImpl.invoke0(Native Method)
	at sun.reflect.NativeMethodAccessorImpl.invoke(NativeMethodAccessorImpl.java:62)
	at sun.reflect.DelegatingMethodAccessorImpl.invoke(DelegatingMethodAccessorImpl.java:43)
	at java.lang.reflect.Method.invoke(Method.java:498)
	at org.apache.maven.surefire.util.ReflectionUtils.invokeMethodWithArray(ReflectionUtils.java:189)
	at org.apache.maven.surefire.booter.ProviderFactory$ProviderProxy.invoke(ProviderFactory.java:165)
	at org.apache.maven.surefire.booter.ProviderFactory.invokeProvider(ProviderFactory.java:85)
	at org.apache.maven.surefire.booter.ForkedBooter.runSuitesInProcess(ForkedBooter.java:115)
	at org.apache.maven.surefire.booter.ForkedBooter.main(ForkedBooter.java:75)
Caused by: java.io.NotSerializableException: com.hand.lq.pojo.OrderExt
	at java.io.ObjectOutputStream.writeObject0(ObjectOutputStream.java:1184)
	at java.io.ObjectOutputStream.writeObject(ObjectOutputStream.java:348)
	at java.util.ArrayList.writeObject(ArrayList.java:766)
	at sun.reflect.NativeMethodAccessorImpl.invoke0(Native Method)
	at sun.reflect.NativeMethodAccessorImpl.invoke(NativeMethodAccessorImpl.java:62)
	at sun.reflect.DelegatingMethodAccessorImpl.invoke(DelegatingMethodAccessorImpl.java:43)
	at java.lang.reflect.Method.invoke(Method.java:498)
	at java.io.ObjectStreamClass.invokeWriteObject(ObjectStreamClass.java:1140)
	at java.io.ObjectOutputStream.writeSerialData(ObjectOutputStream.java:1496)
	at java.io.ObjectOutputStream.writeOrdinaryObject(ObjectOutputStream.java:1432)
	at java.io.ObjectOutputStream.writeObject0(ObjectOutputStream.java:1178)
	at java.io.ObjectOutputStream.writeObject(ObjectOutputStream.java:348)
	at org.apache.ibatis.cache.decorators.SerializedCache.serialize(SerializedCache.java:97)
	... 39 more
</error>
    <system-out>[2019-07-19 18:52:49 ����]:DEBUG org.apache.ibatis.logging.LogFactory.setImplementation(LogFactory.java:135)Logging initialized using &apos;class org.apache.ibatis.logging.slf4j.Slf4jImpl&apos; adapter.
[2019-07-19 18:52:49 ����]:DEBUG org.apache.ibatis.io.VFS.getClass(VFS.java:111)Class not found: org.jboss.vfs.VFS
[2019-07-19 18:52:49 ����]:DEBUG org.apache.ibatis.io.JBoss6VFS.setInvalid(JBoss6VFS.java:142)JBoss 6 VFS API is not available in this environment.
[2019-07-19 18:52:49 ����]:DEBUG org.apache.ibatis.io.VFS.getClass(VFS.java:111)Class not found: org.jboss.vfs.VirtualFile
[2019-07-19 18:52:49 ����]:DEBUG org.apache.ibatis.io.VFS$VFSHolder.createVFS(VFS.java:63)VFS implementation org.apache.ibatis.io.JBoss6VFS is not valid in this environment.
[2019-07-19 18:52:49 ����]:DEBUG org.apache.ibatis.io.VFS$VFSHolder.createVFS(VFS.java:77)Using VFS adapter org.apache.ibatis.io.DefaultVFS
[2019-07-19 18:52:49 ����]:DEBUG org.apache.ibatis.io.DefaultVFS.findJarForResource(DefaultVFS.java:222)Find JAR URL: file:/D:/SpringDay01/day4/mybatis/target/classes/com/hand/lq/pojo
[2019-07-19 18:52:49 ����]:DEBUG org.apache.ibatis.io.DefaultVFS.findJarForResource(DefaultVFS.java:248)Not a JAR: file:/D:/SpringDay01/day4/mybatis/target/classes/com/hand/lq/pojo
[2019-07-19 18:52:49 ����]:DEBUG org.apache.ibatis.io.DefaultVFS.list(DefaultVFS.java:102)Reader entry: OrderDetails.class
[2019-07-19 18:52:49 ����]:DEBUG org.apache.ibatis.io.DefaultVFS.list(DefaultVFS.java:102)Reader entry: OrderExt.class
[2019-07-19 18:52:49 ����]:DEBUG org.apache.ibatis.io.DefaultVFS.list(DefaultVFS.java:102)Reader entry: OrderExt2.class
[2019-07-19 18:52:49 ����]:DEBUG org.apache.ibatis.io.DefaultVFS.list(DefaultVFS.java:102)Reader entry: OrderExt3.class
[2019-07-19 18:52:49 ����]:DEBUG org.apache.ibatis.io.DefaultVFS.list(DefaultVFS.java:102)Reader entry: Orders.class
[2019-07-19 18:52:49 ����]:DEBUG org.apache.ibatis.io.DefaultVFS.list(DefaultVFS.java:102)Reader entry: User.class
[2019-07-19 18:52:49 ����]:DEBUG org.apache.ibatis.io.DefaultVFS.list(DefaultVFS.java:113)Listing file:/D:/SpringDay01/day4/mybatis/target/classes/com/hand/lq/pojo
[2019-07-19 18:52:49 ����]:DEBUG org.apache.ibatis.io.DefaultVFS.findJarForResource(DefaultVFS.java:222)Find JAR URL: file:/D:/SpringDay01/day4/mybatis/target/classes/com/hand/lq/pojo/OrderDetails.class
[2019-07-19 18:52:49 ����]:DEBUG org.apache.ibatis.io.DefaultVFS.findJarForResource(DefaultVFS.java:248)Not a JAR: file:/D:/SpringDay01/day4/mybatis/target/classes/com/hand/lq/pojo/OrderDetails.class
[2019-07-19 18:52:49 ����]:DEBUG org.apache.ibatis.io.DefaultVFS.list(DefaultVFS.java:102)Reader entry: ����&amp;#0;&amp;#0;&amp;#0;4&amp;#0;B
[2019-07-19 18:52:49 ����]:DEBUG org.apache.ibatis.io.DefaultVFS.findJarForResource(DefaultVFS.java:222)Find JAR URL: file:/D:/SpringDay01/day4/mybatis/target/classes/com/hand/lq/pojo/OrderExt.class
[2019-07-19 18:52:49 ����]:DEBUG org.apache.ibatis.io.DefaultVFS.findJarForResource(DefaultVFS.java:248)Not a JAR: file:/D:/SpringDay01/day4/mybatis/target/classes/com/hand/lq/pojo/OrderExt.class
[2019-07-19 18:52:49 ����]:DEBUG org.apache.ibatis.io.DefaultVFS.list(DefaultVFS.java:102)Reader entry: ����&amp;#0;&amp;#0;&amp;#0;4&amp;#0;L
[2019-07-19 18:52:49 ����]:DEBUG org.apache.ibatis.io.DefaultVFS.findJarForResource(DefaultVFS.java:222)Find JAR URL: file:/D:/SpringDay01/day4/mybatis/target/classes/com/hand/lq/pojo/OrderExt2.class
[2019-07-19 18:52:49 ����]:DEBUG org.apache.ibatis.io.DefaultVFS.findJarForResource(DefaultVFS.java:248)Not a JAR: file:/D:/SpringDay01/day4/mybatis/target/classes/com/hand/lq/pojo/OrderExt2.class
[2019-07-19 18:52:49 ����]:DEBUG org.apache.ibatis.io.DefaultVFS.list(DefaultVFS.java:102)Reader entry: ����&amp;#0;&amp;#0;&amp;#0;4&amp;#0;V
[2019-07-19 18:52:49 ����]:DEBUG org.apache.ibatis.io.DefaultVFS.findJarForResource(DefaultVFS.java:222)Find JAR URL: file:/D:/SpringDay01/day4/mybatis/target/classes/com/hand/lq/pojo/OrderExt3.class
[2019-07-19 18:52:49 ����]:DEBUG org.apache.ibatis.io.DefaultVFS.findJarForResource(DefaultVFS.java:248)Not a JAR: file:/D:/SpringDay01/day4/mybatis/target/classes/com/hand/lq/pojo/OrderExt3.class
[2019-07-19 18:52:49 ����]:DEBUG org.apache.ibatis.io.DefaultVFS.list(DefaultVFS.java:102)Reader entry: ����&amp;#0;&amp;#0;&amp;#0;4&amp;#0;g
[2019-07-19 18:52:49 ����]:DEBUG org.apache.ibatis.io.DefaultVFS.findJarForResource(DefaultVFS.java:222)Find JAR URL: file:/D:/SpringDay01/day4/mybatis/target/classes/com/hand/lq/pojo/Orders.class
[2019-07-19 18:52:49 ����]:DEBUG org.apache.ibatis.io.DefaultVFS.findJarForResource(DefaultVFS.java:248)Not a JAR: file:/D:/SpringDay01/day4/mybatis/target/classes/com/hand/lq/pojo/Orders.class
[2019-07-19 18:52:49 ����]:DEBUG org.apache.ibatis.io.DefaultVFS.list(DefaultVFS.java:102)Reader entry: ����&amp;#0;&amp;#0;&amp;#0;4&amp;#0;L
[2019-07-19 18:52:49 ����]:DEBUG org.apache.ibatis.io.DefaultVFS.findJarForResource(DefaultVFS.java:222)Find JAR URL: file:/D:/SpringDay01/day4/mybatis/target/classes/com/hand/lq/pojo/User.class
[2019-07-19 18:52:49 ����]:DEBUG org.apache.ibatis.io.DefaultVFS.findJarForResource(DefaultVFS.java:248)Not a JAR: file:/D:/SpringDay01/day4/mybatis/target/classes/com/hand/lq/pojo/User.class
[2019-07-19 18:52:49 ����]:DEBUG org.apache.ibatis.io.DefaultVFS.list(DefaultVFS.java:102)Reader entry: ����&amp;#0;&amp;#0;&amp;#0;4&amp;#0;N
[2019-07-19 18:52:49 ����]:DEBUG org.apache.ibatis.io.ResolverUtil.addIfMatching(ResolverUtil.java:256)Checking to see if class com.hand.lq.pojo.OrderDetails matches criteria [is assignable to Object]
[2019-07-19 18:52:49 ����]:DEBUG org.apache.ibatis.io.ResolverUtil.addIfMatching(ResolverUtil.java:256)Checking to see if class com.hand.lq.pojo.OrderExt matches criteria [is assignable to Object]
[2019-07-19 18:52:49 ����]:DEBUG org.apache.ibatis.io.ResolverUtil.addIfMatching(ResolverUtil.java:256)Checking to see if class com.hand.lq.pojo.OrderExt2 matches criteria [is assignable to Object]
[2019-07-19 18:52:49 ����]:DEBUG org.apache.ibatis.io.ResolverUtil.addIfMatching(ResolverUtil.java:256)Checking to see if class com.hand.lq.pojo.OrderExt3 matches criteria [is assignable to Object]
[2019-07-19 18:52:49 ����]:DEBUG org.apache.ibatis.io.ResolverUtil.addIfMatching(ResolverUtil.java:256)Checking to see if class com.hand.lq.pojo.Orders matches criteria [is assignable to Object]
[2019-07-19 18:52:49 ����]:DEBUG org.apache.ibatis.io.ResolverUtil.addIfMatching(ResolverUtil.java:256)Checking to see if class com.hand.lq.pojo.User matches criteria [is assignable to Object]
[2019-07-19 18:52:49 ����]:DEBUG org.apache.ibatis.datasource.pooled.PooledDataSource.forceCloseAll(PooledDataSource.java:335)PooledDataSource forcefully closed/removed all connections.
[2019-07-19 18:52:49 ����]:DEBUG org.apache.ibatis.datasource.pooled.PooledDataSource.forceCloseAll(PooledDataSource.java:335)PooledDataSource forcefully closed/removed all connections.
[2019-07-19 18:52:49 ����]:DEBUG org.apache.ibatis.datasource.pooled.PooledDataSource.forceCloseAll(PooledDataSource.java:335)PooledDataSource forcefully closed/removed all connections.
[2019-07-19 18:52:49 ����]:DEBUG org.apache.ibatis.datasource.pooled.PooledDataSource.forceCloseAll(PooledDataSource.java:335)PooledDataSource forcefully closed/removed all connections.
[2019-07-19 18:52:49 ����]:DEBUG org.apache.ibatis.io.DefaultVFS.findJarForResource(DefaultVFS.java:222)Find JAR URL: file:/D:/SpringDay01/day4/mybatis/target/classes/com/hand/lq
[2019-07-19 18:52:49 ����]:DEBUG org.apache.ibatis.io.DefaultVFS.findJarForResource(DefaultVFS.java:248)Not a JAR: file:/D:/SpringDay01/day4/mybatis/target/classes/com/hand/lq
[2019-07-19 18:52:49 ����]:DEBUG org.apache.ibatis.io.DefaultVFS.list(DefaultVFS.java:102)Reader entry: dao
[2019-07-19 18:52:49 ����]:DEBUG org.apache.ibatis.io.DefaultVFS.list(DefaultVFS.java:102)Reader entry: pojo
[2019-07-19 18:52:49 ����]:DEBUG org.apache.ibatis.io.DefaultVFS.list(DefaultVFS.java:113)Listing file:/D:/SpringDay01/day4/mybatis/target/classes/com/hand/lq
[2019-07-19 18:52:49 ����]:DEBUG org.apache.ibatis.io.DefaultVFS.findJarForResource(DefaultVFS.java:222)Find JAR URL: file:/D:/SpringDay01/day4/mybatis/target/classes/com/hand/lq/dao
[2019-07-19 18:52:49 ����]:DEBUG org.apache.ibatis.io.DefaultVFS.findJarForResource(DefaultVFS.java:248)Not a JAR: file:/D:/SpringDay01/day4/mybatis/target/classes/com/hand/lq/dao
[2019-07-19 18:52:49 ����]:DEBUG org.apache.ibatis.io.DefaultVFS.list(DefaultVFS.java:102)Reader entry: Test1Mapper.class
[2019-07-19 18:52:49 ����]:DEBUG org.apache.ibatis.io.DefaultVFS.list(DefaultVFS.java:102)Reader entry: Test1Mapper.xml
[2019-07-19 18:52:49 ����]:DEBUG org.apache.ibatis.io.DefaultVFS.list(DefaultVFS.java:113)Listing file:/D:/SpringDay01/day4/mybatis/target/classes/com/hand/lq/dao
[2019-07-19 18:52:49 ����]:DEBUG org.apache.ibatis.io.DefaultVFS.findJarForResource(DefaultVFS.java:222)Find JAR URL: file:/D:/SpringDay01/day4/mybatis/target/classes/com/hand/lq/dao/Test1Mapper.class
[2019-07-19 18:52:49 ����]:DEBUG org.apache.ibatis.io.DefaultVFS.findJarForResource(DefaultVFS.java:248)Not a JAR: file:/D:/SpringDay01/day4/mybatis/target/classes/com/hand/lq/dao/Test1Mapper.class
[2019-07-19 18:52:49 ����]:DEBUG org.apache.ibatis.io.DefaultVFS.list(DefaultVFS.java:102)Reader entry: ����&amp;#0;&amp;#0;&amp;#0;4&amp;#0;&amp;#21;&amp;#7;&amp;#0;&amp;#19;&amp;#7;&amp;#0;&amp;#20;&amp;#1;&amp;#0;&amp;#12;findOrderExt&amp;#1;&amp;#0;8(Lcom/hand/lq/pojo/OrderExt;)Lcom/hand/lq/pojo/OrderExt;&amp;#1;&amp;#0;
[2019-07-19 18:52:49 ����]:DEBUG org.apache.ibatis.io.DefaultVFS.findJarForResource(DefaultVFS.java:222)Find JAR URL: file:/D:/SpringDay01/day4/mybatis/target/classes/com/hand/lq/dao/Test1Mapper.xml
[2019-07-19 18:52:49 ����]:DEBUG org.apache.ibatis.io.DefaultVFS.findJarForResource(DefaultVFS.java:248)Not a JAR: file:/D:/SpringDay01/day4/mybatis/target/classes/com/hand/lq/dao/Test1Mapper.xml
[2019-07-19 18:52:49 ����]:DEBUG org.apache.ibatis.io.DefaultVFS.list(DefaultVFS.java:102)Reader entry: &lt;?xml version=&quot;1.0&quot; encoding=&quot;UTF-8&quot;?&gt;
[2019-07-19 18:52:49 ����]:DEBUG org.apache.ibatis.io.DefaultVFS.findJarForResource(DefaultVFS.java:222)Find JAR URL: file:/D:/SpringDay01/day4/mybatis/target/classes/com/hand/lq/pojo
[2019-07-19 18:52:49 ����]:DEBUG org.apache.ibatis.io.DefaultVFS.findJarForResource(DefaultVFS.java:248)Not a JAR: file:/D:/SpringDay01/day4/mybatis/target/classes/com/hand/lq/pojo
[2019-07-19 18:52:49 ����]:DEBUG org.apache.ibatis.io.DefaultVFS.list(DefaultVFS.java:102)Reader entry: OrderDetails.class
[2019-07-19 18:52:49 ����]:DEBUG org.apache.ibatis.io.DefaultVFS.list(DefaultVFS.java:102)Reader entry: OrderExt.class
[2019-07-19 18:52:49 ����]:DEBUG org.apache.ibatis.io.DefaultVFS.list(DefaultVFS.java:102)Reader entry: OrderExt2.class
[2019-07-19 18:52:49 ����]:DEBUG org.apache.ibatis.io.DefaultVFS.list(DefaultVFS.java:102)Reader entry: OrderExt3.class
[2019-07-19 18:52:49 ����]:DEBUG org.apache.ibatis.io.DefaultVFS.list(DefaultVFS.java:102)Reader entry: Orders.class
[2019-07-19 18:52:49 ����]:DEBUG org.apache.ibatis.io.DefaultVFS.list(DefaultVFS.java:102)Reader entry: User.class
[2019-07-19 18:52:49 ����]:DEBUG org.apache.ibatis.io.DefaultVFS.list(DefaultVFS.java:113)Listing file:/D:/SpringDay01/day4/mybatis/target/classes/com/hand/lq/pojo
[2019-07-19 18:52:49 ����]:DEBUG org.apache.ibatis.io.DefaultVFS.findJarForResource(DefaultVFS.java:222)Find JAR URL: file:/D:/SpringDay01/day4/mybatis/target/classes/com/hand/lq/pojo/OrderDetails.class
[2019-07-19 18:52:49 ����]:DEBUG org.apache.ibatis.io.DefaultVFS.findJarForResource(DefaultVFS.java:248)Not a JAR: file:/D:/SpringDay01/day4/mybatis/target/classes/com/hand/lq/pojo/OrderDetails.class
[2019-07-19 18:52:49 ����]:DEBUG org.apache.ibatis.io.DefaultVFS.list(DefaultVFS.java:102)Reader entry: ����&amp;#0;&amp;#0;&amp;#0;4&amp;#0;B
[2019-07-19 18:52:49 ����]:DEBUG org.apache.ibatis.io.DefaultVFS.findJarForResource(DefaultVFS.java:222)Find JAR URL: file:/D:/SpringDay01/day4/mybatis/target/classes/com/hand/lq/pojo/OrderExt.class
[2019-07-19 18:52:49 ����]:DEBUG org.apache.ibatis.io.DefaultVFS.findJarForResource(DefaultVFS.java:248)Not a JAR: file:/D:/SpringDay01/day4/mybatis/target/classes/com/hand/lq/pojo/OrderExt.class
[2019-07-19 18:52:49 ����]:DEBUG org.apache.ibatis.io.DefaultVFS.list(DefaultVFS.java:102)Reader entry: ����&amp;#0;&amp;#0;&amp;#0;4&amp;#0;L
[2019-07-19 18:52:49 ����]:DEBUG org.apache.ibatis.io.DefaultVFS.findJarForResource(DefaultVFS.java:222)Find JAR URL: file:/D:/SpringDay01/day4/mybatis/target/classes/com/hand/lq/pojo/OrderExt2.class
[2019-07-19 18:52:49 ����]:DEBUG org.apache.ibatis.io.DefaultVFS.findJarForResource(DefaultVFS.java:248)Not a JAR: file:/D:/SpringDay01/day4/mybatis/target/classes/com/hand/lq/pojo/OrderExt2.class
[2019-07-19 18:52:49 ����]:DEBUG org.apache.ibatis.io.DefaultVFS.list(DefaultVFS.java:102)Reader entry: ����&amp;#0;&amp;#0;&amp;#0;4&amp;#0;V
[2019-07-19 18:52:49 ����]:DEBUG org.apache.ibatis.io.DefaultVFS.findJarForResource(DefaultVFS.java:222)Find JAR URL: file:/D:/SpringDay01/day4/mybatis/target/classes/com/hand/lq/pojo/OrderExt3.class
[2019-07-19 18:52:49 ����]:DEBUG org.apache.ibatis.io.DefaultVFS.findJarForResource(DefaultVFS.java:248)Not a JAR: file:/D:/SpringDay01/day4/mybatis/target/classes/com/hand/lq/pojo/OrderExt3.class
[2019-07-19 18:52:49 ����]:DEBUG org.apache.ibatis.io.DefaultVFS.list(DefaultVFS.java:102)Reader entry: ����&amp;#0;&amp;#0;&amp;#0;4&amp;#0;g
[2019-07-19 18:52:49 ����]:DEBUG org.apache.ibatis.io.DefaultVFS.findJarForResource(DefaultVFS.java:222)Find JAR URL: file:/D:/SpringDay01/day4/mybatis/target/classes/com/hand/lq/pojo/Orders.class
[2019-07-19 18:52:49 ����]:DEBUG org.apache.ibatis.io.DefaultVFS.findJarForResource(DefaultVFS.java:248)Not a JAR: file:/D:/SpringDay01/day4/mybatis/target/classes/com/hand/lq/pojo/Orders.class
[2019-07-19 18:52:49 ����]:DEBUG org.apache.ibatis.io.DefaultVFS.list(DefaultVFS.java:102)Reader entry: ����&amp;#0;&amp;#0;&amp;#0;4&amp;#0;L
[2019-07-19 18:52:49 ����]:DEBUG org.apache.ibatis.io.DefaultVFS.findJarForResource(DefaultVFS.java:222)Find JAR URL: file:/D:/SpringDay01/day4/mybatis/target/classes/com/hand/lq/pojo/User.class
[2019-07-19 18:52:49 ����]:DEBUG org.apache.ibatis.io.DefaultVFS.findJarForResource(DefaultVFS.java:248)Not a JAR: file:/D:/SpringDay01/day4/mybatis/target/classes/com/hand/lq/pojo/User.class
[2019-07-19 18:52:49 ����]:DEBUG org.apache.ibatis.io.DefaultVFS.list(DefaultVFS.java:102)Reader entry: ����&amp;#0;&amp;#0;&amp;#0;4&amp;#0;N
[2019-07-19 18:52:49 ����]:DEBUG org.apache.ibatis.io.ResolverUtil.addIfMatching(ResolverUtil.java:256)Checking to see if class com.hand.lq.dao.Test1Mapper matches criteria [is assignable to Object]
[2019-07-19 18:52:49 ����]:DEBUG org.apache.ibatis.io.ResolverUtil.addIfMatching(ResolverUtil.java:256)Checking to see if class com.hand.lq.pojo.OrderDetails matches criteria [is assignable to Object]
[2019-07-19 18:52:49 ����]:DEBUG org.apache.ibatis.io.ResolverUtil.addIfMatching(ResolverUtil.java:256)Checking to see if class com.hand.lq.pojo.OrderExt matches criteria [is assignable to Object]
[2019-07-19 18:52:49 ����]:DEBUG org.apache.ibatis.io.ResolverUtil.addIfMatching(ResolverUtil.java:256)Checking to see if class com.hand.lq.pojo.OrderExt2 matches criteria [is assignable to Object]
[2019-07-19 18:52:49 ����]:DEBUG org.apache.ibatis.io.ResolverUtil.addIfMatching(ResolverUtil.java:256)Checking to see if class com.hand.lq.pojo.OrderExt3 matches criteria [is assignable to Object]
[2019-07-19 18:52:49 ����]:DEBUG org.apache.ibatis.io.ResolverUtil.addIfMatching(ResolverUtil.java:256)Checking to see if class com.hand.lq.pojo.Orders matches criteria [is assignable to Object]
[2019-07-19 18:52:49 ����]:DEBUG org.apache.ibatis.io.ResolverUtil.addIfMatching(ResolverUtil.java:256)Checking to see if class com.hand.lq.pojo.User matches criteria [is assignable to Object]
[2019-07-19 18:52:49 ����]:DEBUG org.apache.ibatis.cache.decorators.LoggingCache.getObject(LoggingCache.java:62)Cache Hit Ratio [com.hand.lq.dao.Test1Mapper]: 0.0
[2019-07-19 18:52:49 ����]:DEBUG org.apache.ibatis.transaction.jdbc.JdbcTransaction.openConnection(JdbcTransaction.java:137)Opening JDBC Connection
[2019-07-19 18:52:50 ����]:DEBUG org.apache.ibatis.datasource.pooled.PooledDataSource.popConnection(PooledDataSource.java:406)Created connection 306123060.
[2019-07-19 18:52:50 ����]:DEBUG org.apache.ibatis.transaction.jdbc.JdbcTransaction.setDesiredAutoCommit(JdbcTransaction.java:101)Setting autocommit to false on JDBC Connection [com.mysql.jdbc.JDBC4Connection@123f1134]
[2019-07-19 18:52:50 ����]:DEBUG org.apache.ibatis.logging.jdbc.BaseJdbcLogger.debug(BaseJdbcLogger.java:159)==&gt;  Preparing: SELECT orders.id, orders.user_id, orders.number, orders.createtime, orders.note, user.username, user.address FROM orders,user WHERE orders.user_id = user.id and orders.id=? 
[2019-07-19 18:52:50 ����]:DEBUG org.apache.ibatis.logging.jdbc.BaseJdbcLogger.debug(BaseJdbcLogger.java:159)==&gt; Parameters: 5(Integer)
[2019-07-19 18:52:50 ����]:DEBUG org.apache.ibatis.logging.jdbc.BaseJdbcLogger.debug(BaseJdbcLogger.java:159)&lt;==      Total: 1
OrderExt{username=&apos;����&apos;, address=&apos;������&apos;, id=5, user_id=10, number=&apos;1000012&apos;, createTime=Thu Feb 12 16:13:23 GMT+08:00 2015, note=&apos;null&apos;}
[2019-07-19 18:52:50 ����]:DEBUG org.apache.ibatis.transaction.jdbc.JdbcTransaction.resetAutoCommit(JdbcTransaction.java:123)Resetting autocommit to true on JDBC Connection [com.mysql.jdbc.JDBC4Connection@123f1134]
[2019-07-19 18:52:50 ����]:DEBUG org.apache.ibatis.transaction.jdbc.JdbcTransaction.close(JdbcTransaction.java:91)Closing JDBC Connection [com.mysql.jdbc.JDBC4Connection@123f1134]
[2019-07-19 18:52:50 ����]:DEBUG org.apache.ibatis.datasource.pooled.PooledDataSource.pushConnection(PooledDataSource.java:363)Returned connection 306123060 to pool.
</system-out>
  </testcase>
  <testcase classname="Test1" name="test2" time="0.07">
    <error message="Error serializing object.  Cause: java.io.NotSerializableException: com.hand.lq.pojo.OrderExt2" type="org.apache.ibatis.cache.CacheException">org.apache.ibatis.cache.CacheException: Error serializing object.  Cause: java.io.NotSerializableException: com.hand.lq.pojo.OrderExt2
	at org.apache.ibatis.cache.decorators.SerializedCache.serialize(SerializedCache.java:102)
	at org.apache.ibatis.cache.decorators.SerializedCache.putObject(SerializedCache.java:56)
	at org.apache.ibatis.cache.decorators.LoggingCache.putObject(LoggingCache.java:51)
	at org.apache.ibatis.cache.decorators.SynchronizedCache.putObject(SynchronizedCache.java:45)
	at org.apache.ibatis.cache.decorators.TransactionalCache.flushPendingEntries(TransactionalCache.java:122)
	at org.apache.ibatis.cache.decorators.TransactionalCache.commit(TransactionalCache.java:105)
	at org.apache.ibatis.cache.TransactionalCacheManager.commit(TransactionalCacheManager.java:44)
	at org.apache.ibatis.executor.CachingExecutor.close(CachingExecutor.java:61)
	at org.apache.ibatis.session.defaults.DefaultSqlSession.close(DefaultSqlSession.java:264)
	at Test1.test2(Test1.java:52)
	at sun.reflect.NativeMethodAccessorImpl.invoke0(Native Method)
	at sun.reflect.NativeMethodAccessorImpl.invoke(NativeMethodAccessorImpl.java:62)
	at sun.reflect.DelegatingMethodAccessorImpl.invoke(DelegatingMethodAccessorImpl.java:43)
	at java.lang.reflect.Method.invoke(Method.java:498)
	at org.junit.runners.model.FrameworkMethod$1.runReflectiveCall(FrameworkMethod.java:50)
	at org.junit.internal.runners.model.ReflectiveCallable.run(ReflectiveCallable.java:12)
	at org.junit.runners.model.FrameworkMethod.invokeExplosively(FrameworkMethod.java:47)
	at org.junit.internal.runners.statements.InvokeMethod.evaluate(InvokeMethod.java:17)
	at org.junit.internal.runners.statements.RunBefores.evaluate(RunBefores.java:26)
	at org.junit.runners.ParentRunner.runLeaf(ParentRunner.java:325)
	at org.junit.runners.BlockJUnit4ClassRunner.runChild(BlockJUnit4ClassRunner.java:78)
	at org.junit.runners.BlockJUnit4ClassRunner.runChild(BlockJUnit4ClassRunner.java:57)
	at org.junit.runners.ParentRunner$3.run(ParentRunner.java:290)
	at org.junit.runners.ParentRunner$1.schedule(ParentRunner.java:71)
	at org.junit.runners.ParentRunner.runChildren(ParentRunner.java:288)
	at org.junit.runners.ParentRunner.access$000(ParentRunner.java:58)
	at org.junit.runners.ParentRunner$2.evaluate(ParentRunner.java:268)
	at org.junit.runners.ParentRunner.run(ParentRunner.java:363)
	at org.apache.maven.surefire.junit4.JUnit4Provider.execute(JUnit4Provider.java:252)
	at org.apache.maven.surefire.junit4.JUnit4Provider.executeTestSet(JUnit4Provider.java:141)
	at org.apache.maven.surefire.junit4.JUnit4Provider.invoke(JUnit4Provider.java:112)
	at sun.reflect.NativeMethodAccessorImpl.invoke0(Native Method)
	at sun.reflect.NativeMethodAccessorImpl.invoke(NativeMethodAccessorImpl.java:62)
	at sun.reflect.DelegatingMethodAccessorImpl.invoke(DelegatingMethodAccessorImpl.java:43)
	at java.lang.reflect.Method.invoke(Method.java:498)
	at org.apache.maven.surefire.util.ReflectionUtils.invokeMethodWithArray(ReflectionUtils.java:189)
	at org.apache.maven.surefire.booter.ProviderFactory$ProviderProxy.invoke(ProviderFactory.java:165)
	at org.apache.maven.surefire.booter.ProviderFactory.invokeProvider(ProviderFactory.java:85)
	at org.apache.maven.surefire.booter.ForkedBooter.runSuitesInProcess(ForkedBooter.java:115)
	at org.apache.maven.surefire.booter.ForkedBooter.main(ForkedBooter.java:75)
Caused by: java.io.NotSerializableException: com.hand.lq.pojo.OrderExt2
	at java.io.ObjectOutputStream.writeObject0(ObjectOutputStream.java:1184)
	at java.io.ObjectOutputStream.writeObject(ObjectOutputStream.java:348)
	at java.util.ArrayList.writeObject(ArrayList.java:766)
	at sun.reflect.NativeMethodAccessorImpl.invoke0(Native Method)
	at sun.reflect.NativeMethodAccessorImpl.invoke(NativeMethodAccessorImpl.java:62)
	at sun.reflect.DelegatingMethodAccessorImpl.invoke(DelegatingMethodAccessorImpl.java:43)
	at java.lang.reflect.Method.invoke(Method.java:498)
	at java.io.ObjectStreamClass.invokeWriteObject(ObjectStreamClass.java:1140)
	at java.io.ObjectOutputStream.writeSerialData(ObjectOutputStream.java:1496)
	at java.io.ObjectOutputStream.writeOrdinaryObject(ObjectOutputStream.java:1432)
	at java.io.ObjectOutputStream.writeObject0(ObjectOutputStream.java:1178)
	at java.io.ObjectOutputStream.writeObject(ObjectOutputStream.java:348)
	at org.apache.ibatis.cache.decorators.SerializedCache.serialize(SerializedCache.java:97)
	... 39 more
</error>
    <system-out>[2019-07-19 18:52:50 ����]:DEBUG org.apache.ibatis.io.DefaultVFS.findJarForResource(DefaultVFS.java:222)Find JAR URL: file:/D:/SpringDay01/day4/mybatis/target/classes/com/hand/lq/pojo
[2019-07-19 18:52:50 ����]:DEBUG org.apache.ibatis.io.DefaultVFS.findJarForResource(DefaultVFS.java:248)Not a JAR: file:/D:/SpringDay01/day4/mybatis/target/classes/com/hand/lq/pojo
[2019-07-19 18:52:50 ����]:DEBUG org.apache.ibatis.io.DefaultVFS.list(DefaultVFS.java:102)Reader entry: OrderDetails.class
[2019-07-19 18:52:50 ����]:DEBUG org.apache.ibatis.io.DefaultVFS.list(DefaultVFS.java:102)Reader entry: OrderExt.class
[2019-07-19 18:52:50 ����]:DEBUG org.apache.ibatis.io.DefaultVFS.list(DefaultVFS.java:102)Reader entry: OrderExt2.class
[2019-07-19 18:52:50 ����]:DEBUG org.apache.ibatis.io.DefaultVFS.list(DefaultVFS.java:102)Reader entry: OrderExt3.class
[2019-07-19 18:52:50 ����]:DEBUG org.apache.ibatis.io.DefaultVFS.list(DefaultVFS.java:102)Reader entry: Orders.class
[2019-07-19 18:52:50 ����]:DEBUG org.apache.ibatis.io.DefaultVFS.list(DefaultVFS.java:102)Reader entry: User.class
[2019-07-19 18:52:50 ����]:DEBUG org.apache.ibatis.io.DefaultVFS.list(DefaultVFS.java:113)Listing file:/D:/SpringDay01/day4/mybatis/target/classes/com/hand/lq/pojo
[2019-07-19 18:52:50 ����]:DEBUG org.apache.ibatis.io.DefaultVFS.findJarForResource(DefaultVFS.java:222)Find JAR URL: file:/D:/SpringDay01/day4/mybatis/target/classes/com/hand/lq/pojo/OrderDetails.class
[2019-07-19 18:52:50 ����]:DEBUG org.apache.ibatis.io.DefaultVFS.findJarForResource(DefaultVFS.java:248)Not a JAR: file:/D:/SpringDay01/day4/mybatis/target/classes/com/hand/lq/pojo/OrderDetails.class
[2019-07-19 18:52:50 ����]:DEBUG org.apache.ibatis.io.DefaultVFS.list(DefaultVFS.java:102)Reader entry: ����&amp;#0;&amp;#0;&amp;#0;4&amp;#0;B
[2019-07-19 18:52:50 ����]:DEBUG org.apache.ibatis.io.DefaultVFS.findJarForResource(DefaultVFS.java:222)Find JAR URL: file:/D:/SpringDay01/day4/mybatis/target/classes/com/hand/lq/pojo/OrderExt.class
[2019-07-19 18:52:50 ����]:DEBUG org.apache.ibatis.io.DefaultVFS.findJarForResource(DefaultVFS.java:248)Not a JAR: file:/D:/SpringDay01/day4/mybatis/target/classes/com/hand/lq/pojo/OrderExt.class
[2019-07-19 18:52:50 ����]:DEBUG org.apache.ibatis.io.DefaultVFS.list(DefaultVFS.java:102)Reader entry: ����&amp;#0;&amp;#0;&amp;#0;4&amp;#0;L
[2019-07-19 18:52:50 ����]:DEBUG org.apache.ibatis.io.DefaultVFS.findJarForResource(DefaultVFS.java:222)Find JAR URL: file:/D:/SpringDay01/day4/mybatis/target/classes/com/hand/lq/pojo/OrderExt2.class
[2019-07-19 18:52:50 ����]:DEBUG org.apache.ibatis.io.DefaultVFS.findJarForResource(DefaultVFS.java:248)Not a JAR: file:/D:/SpringDay01/day4/mybatis/target/classes/com/hand/lq/pojo/OrderExt2.class
[2019-07-19 18:52:50 ����]:DEBUG org.apache.ibatis.io.DefaultVFS.list(DefaultVFS.java:102)Reader entry: ����&amp;#0;&amp;#0;&amp;#0;4&amp;#0;V
[2019-07-19 18:52:50 ����]:DEBUG org.apache.ibatis.io.DefaultVFS.findJarForResource(DefaultVFS.java:222)Find JAR URL: file:/D:/SpringDay01/day4/mybatis/target/classes/com/hand/lq/pojo/OrderExt3.class
[2019-07-19 18:52:50 ����]:DEBUG org.apache.ibatis.io.DefaultVFS.findJarForResource(DefaultVFS.java:248)Not a JAR: file:/D:/SpringDay01/day4/mybatis/target/classes/com/hand/lq/pojo/OrderExt3.class
[2019-07-19 18:52:50 ����]:DEBUG org.apache.ibatis.io.DefaultVFS.list(DefaultVFS.java:102)Reader entry: ����&amp;#0;&amp;#0;&amp;#0;4&amp;#0;g
[2019-07-19 18:52:50 ����]:DEBUG org.apache.ibatis.io.DefaultVFS.findJarForResource(DefaultVFS.java:222)Find JAR URL: file:/D:/SpringDay01/day4/mybatis/target/classes/com/hand/lq/pojo/Orders.class
[2019-07-19 18:52:50 ����]:DEBUG org.apache.ibatis.io.DefaultVFS.findJarForResource(DefaultVFS.java:248)Not a JAR: file:/D:/SpringDay01/day4/mybatis/target/classes/com/hand/lq/pojo/Orders.class
[2019-07-19 18:52:50 ����]:DEBUG org.apache.ibatis.io.DefaultVFS.list(DefaultVFS.java:102)Reader entry: ����&amp;#0;&amp;#0;&amp;#0;4&amp;#0;L
[2019-07-19 18:52:50 ����]:DEBUG org.apache.ibatis.io.DefaultVFS.findJarForResource(DefaultVFS.java:222)Find JAR URL: file:/D:/SpringDay01/day4/mybatis/target/classes/com/hand/lq/pojo/User.class
[2019-07-19 18:52:50 ����]:DEBUG org.apache.ibatis.io.DefaultVFS.findJarForResource(DefaultVFS.java:248)Not a JAR: file:/D:/SpringDay01/day4/mybatis/target/classes/com/hand/lq/pojo/User.class
[2019-07-19 18:52:50 ����]:DEBUG org.apache.ibatis.io.DefaultVFS.list(DefaultVFS.java:102)Reader entry: ����&amp;#0;&amp;#0;&amp;#0;4&amp;#0;N
[2019-07-19 18:52:50 ����]:DEBUG org.apache.ibatis.io.ResolverUtil.addIfMatching(ResolverUtil.java:256)Checking to see if class com.hand.lq.pojo.OrderDetails matches criteria [is assignable to Object]
[2019-07-19 18:52:50 ����]:DEBUG org.apache.ibatis.io.ResolverUtil.addIfMatching(ResolverUtil.java:256)Checking to see if class com.hand.lq.pojo.OrderExt matches criteria [is assignable to Object]
[2019-07-19 18:52:50 ����]:DEBUG org.apache.ibatis.io.ResolverUtil.addIfMatching(ResolverUtil.java:256)Checking to see if class com.hand.lq.pojo.OrderExt2 matches criteria [is assignable to Object]
[2019-07-19 18:52:50 ����]:DEBUG org.apache.ibatis.io.ResolverUtil.addIfMatching(ResolverUtil.java:256)Checking to see if class com.hand.lq.pojo.OrderExt3 matches criteria [is assignable to Object]
[2019-07-19 18:52:50 ����]:DEBUG org.apache.ibatis.io.ResolverUtil.addIfMatching(ResolverUtil.java:256)Checking to see if class com.hand.lq.pojo.Orders matches criteria [is assignable to Object]
[2019-07-19 18:52:50 ����]:DEBUG org.apache.ibatis.io.ResolverUtil.addIfMatching(ResolverUtil.java:256)Checking to see if class com.hand.lq.pojo.User matches criteria [is assignable to Object]
[2019-07-19 18:52:50 ����]:DEBUG org.apache.ibatis.datasource.pooled.PooledDataSource.forceCloseAll(PooledDataSource.java:335)PooledDataSource forcefully closed/removed all connections.
[2019-07-19 18:52:50 ����]:DEBUG org.apache.ibatis.datasource.pooled.PooledDataSource.forceCloseAll(PooledDataSource.java:335)PooledDataSource forcefully closed/removed all connections.
[2019-07-19 18:52:50 ����]:DEBUG org.apache.ibatis.datasource.pooled.PooledDataSource.forceCloseAll(PooledDataSource.java:335)PooledDataSource forcefully closed/removed all connections.
[2019-07-19 18:52:50 ����]:DEBUG org.apache.ibatis.datasource.pooled.PooledDataSource.forceCloseAll(PooledDataSource.java:335)PooledDataSource forcefully closed/removed all connections.
[2019-07-19 18:52:50 ����]:DEBUG org.apache.ibatis.io.DefaultVFS.findJarForResource(DefaultVFS.java:222)Find JAR URL: file:/D:/SpringDay01/day4/mybatis/target/classes/com/hand/lq
[2019-07-19 18:52:50 ����]:DEBUG org.apache.ibatis.io.DefaultVFS.findJarForResource(DefaultVFS.java:248)Not a JAR: file:/D:/SpringDay01/day4/mybatis/target/classes/com/hand/lq
[2019-07-19 18:52:50 ����]:DEBUG org.apache.ibatis.io.DefaultVFS.list(DefaultVFS.java:102)Reader entry: dao
[2019-07-19 18:52:50 ����]:DEBUG org.apache.ibatis.io.DefaultVFS.list(DefaultVFS.java:102)Reader entry: pojo
[2019-07-19 18:52:50 ����]:DEBUG org.apache.ibatis.io.DefaultVFS.list(DefaultVFS.java:113)Listing file:/D:/SpringDay01/day4/mybatis/target/classes/com/hand/lq
[2019-07-19 18:52:50 ����]:DEBUG org.apache.ibatis.io.DefaultVFS.findJarForResource(DefaultVFS.java:222)Find JAR URL: file:/D:/SpringDay01/day4/mybatis/target/classes/com/hand/lq/dao
[2019-07-19 18:52:50 ����]:DEBUG org.apache.ibatis.io.DefaultVFS.findJarForResource(DefaultVFS.java:248)Not a JAR: file:/D:/SpringDay01/day4/mybatis/target/classes/com/hand/lq/dao
[2019-07-19 18:52:50 ����]:DEBUG org.apache.ibatis.io.DefaultVFS.list(DefaultVFS.java:102)Reader entry: Test1Mapper.class
[2019-07-19 18:52:50 ����]:DEBUG org.apache.ibatis.io.DefaultVFS.list(DefaultVFS.java:102)Reader entry: Test1Mapper.xml
[2019-07-19 18:52:50 ����]:DEBUG org.apache.ibatis.io.DefaultVFS.list(DefaultVFS.java:113)Listing file:/D:/SpringDay01/day4/mybatis/target/classes/com/hand/lq/dao
[2019-07-19 18:52:50 ����]:DEBUG org.apache.ibatis.io.DefaultVFS.findJarForResource(DefaultVFS.java:222)Find JAR URL: file:/D:/SpringDay01/day4/mybatis/target/classes/com/hand/lq/dao/Test1Mapper.class
[2019-07-19 18:52:50 ����]:DEBUG org.apache.ibatis.io.DefaultVFS.findJarForResource(DefaultVFS.java:248)Not a JAR: file:/D:/SpringDay01/day4/mybatis/target/classes/com/hand/lq/dao/Test1Mapper.class
[2019-07-19 18:52:50 ����]:DEBUG org.apache.ibatis.io.DefaultVFS.list(DefaultVFS.java:102)Reader entry: ����&amp;#0;&amp;#0;&amp;#0;4&amp;#0;&amp;#21;&amp;#7;&amp;#0;&amp;#19;&amp;#7;&amp;#0;&amp;#20;&amp;#1;&amp;#0;&amp;#12;findOrderExt&amp;#1;&amp;#0;8(Lcom/hand/lq/pojo/OrderExt;)Lcom/hand/lq/pojo/OrderExt;&amp;#1;&amp;#0;
[2019-07-19 18:52:50 ����]:DEBUG org.apache.ibatis.io.DefaultVFS.findJarForResource(DefaultVFS.java:222)Find JAR URL: file:/D:/SpringDay01/day4/mybatis/target/classes/com/hand/lq/dao/Test1Mapper.xml
[2019-07-19 18:52:50 ����]:DEBUG org.apache.ibatis.io.DefaultVFS.findJarForResource(DefaultVFS.java:248)Not a JAR: file:/D:/SpringDay01/day4/mybatis/target/classes/com/hand/lq/dao/Test1Mapper.xml
[2019-07-19 18:52:50 ����]:DEBUG org.apache.ibatis.io.DefaultVFS.list(DefaultVFS.java:102)Reader entry: &lt;?xml version=&quot;1.0&quot; encoding=&quot;UTF-8&quot;?&gt;
[2019-07-19 18:52:50 ����]:DEBUG org.apache.ibatis.io.DefaultVFS.findJarForResource(DefaultVFS.java:222)Find JAR URL: file:/D:/SpringDay01/day4/mybatis/target/classes/com/hand/lq/pojo
[2019-07-19 18:52:50 ����]:DEBUG org.apache.ibatis.io.DefaultVFS.findJarForResource(DefaultVFS.java:248)Not a JAR: file:/D:/SpringDay01/day4/mybatis/target/classes/com/hand/lq/pojo
[2019-07-19 18:52:50 ����]:DEBUG org.apache.ibatis.io.DefaultVFS.list(DefaultVFS.java:102)Reader entry: OrderDetails.class
[2019-07-19 18:52:50 ����]:DEBUG org.apache.ibatis.io.DefaultVFS.list(DefaultVFS.java:102)Reader entry: OrderExt.class
[2019-07-19 18:52:50 ����]:DEBUG org.apache.ibatis.io.DefaultVFS.list(DefaultVFS.java:102)Reader entry: OrderExt2.class
[2019-07-19 18:52:50 ����]:DEBUG org.apache.ibatis.io.DefaultVFS.list(DefaultVFS.java:102)Reader entry: OrderExt3.class
[2019-07-19 18:52:50 ����]:DEBUG org.apache.ibatis.io.DefaultVFS.list(DefaultVFS.java:102)Reader entry: Orders.class
[2019-07-19 18:52:50 ����]:DEBUG org.apache.ibatis.io.DefaultVFS.list(DefaultVFS.java:102)Reader entry: User.class
[2019-07-19 18:52:50 ����]:DEBUG org.apache.ibatis.io.DefaultVFS.list(DefaultVFS.java:113)Listing file:/D:/SpringDay01/day4/mybatis/target/classes/com/hand/lq/pojo
[2019-07-19 18:52:50 ����]:DEBUG org.apache.ibatis.io.DefaultVFS.findJarForResource(DefaultVFS.java:222)Find JAR URL: file:/D:/SpringDay01/day4/mybatis/target/classes/com/hand/lq/pojo/OrderDetails.class
[2019-07-19 18:52:50 ����]:DEBUG org.apache.ibatis.io.DefaultVFS.findJarForResource(DefaultVFS.java:248)Not a JAR: file:/D:/SpringDay01/day4/mybatis/target/classes/com/hand/lq/pojo/OrderDetails.class
[2019-07-19 18:52:50 ����]:DEBUG org.apache.ibatis.io.DefaultVFS.list(DefaultVFS.java:102)Reader entry: ����&amp;#0;&amp;#0;&amp;#0;4&amp;#0;B
[2019-07-19 18:52:50 ����]:DEBUG org.apache.ibatis.io.DefaultVFS.findJarForResource(DefaultVFS.java:222)Find JAR URL: file:/D:/SpringDay01/day4/mybatis/target/classes/com/hand/lq/pojo/OrderExt.class
[2019-07-19 18:52:50 ����]:DEBUG org.apache.ibatis.io.DefaultVFS.findJarForResource(DefaultVFS.java:248)Not a JAR: file:/D:/SpringDay01/day4/mybatis/target/classes/com/hand/lq/pojo/OrderExt.class
[2019-07-19 18:52:50 ����]:DEBUG org.apache.ibatis.io.DefaultVFS.list(DefaultVFS.java:102)Reader entry: ����&amp;#0;&amp;#0;&amp;#0;4&amp;#0;L
[2019-07-19 18:52:50 ����]:DEBUG org.apache.ibatis.io.DefaultVFS.findJarForResource(DefaultVFS.java:222)Find JAR URL: file:/D:/SpringDay01/day4/mybatis/target/classes/com/hand/lq/pojo/OrderExt2.class
[2019-07-19 18:52:50 ����]:DEBUG org.apache.ibatis.io.DefaultVFS.findJarForResource(DefaultVFS.java:248)Not a JAR: file:/D:/SpringDay01/day4/mybatis/target/classes/com/hand/lq/pojo/OrderExt2.class
[2019-07-19 18:52:50 ����]:DEBUG org.apache.ibatis.io.DefaultVFS.list(DefaultVFS.java:102)Reader entry: ����&amp;#0;&amp;#0;&amp;#0;4&amp;#0;V
[2019-07-19 18:52:50 ����]:DEBUG org.apache.ibatis.io.DefaultVFS.findJarForResource(DefaultVFS.java:222)Find JAR URL: file:/D:/SpringDay01/day4/mybatis/target/classes/com/hand/lq/pojo/OrderExt3.class
[2019-07-19 18:52:50 ����]:DEBUG org.apache.ibatis.io.DefaultVFS.findJarForResource(DefaultVFS.java:248)Not a JAR: file:/D:/SpringDay01/day4/mybatis/target/classes/com/hand/lq/pojo/OrderExt3.class
[2019-07-19 18:52:50 ����]:DEBUG org.apache.ibatis.io.DefaultVFS.list(DefaultVFS.java:102)Reader entry: ����&amp;#0;&amp;#0;&amp;#0;4&amp;#0;g
[2019-07-19 18:52:50 ����]:DEBUG org.apache.ibatis.io.DefaultVFS.findJarForResource(DefaultVFS.java:222)Find JAR URL: file:/D:/SpringDay01/day4/mybatis/target/classes/com/hand/lq/pojo/Orders.class
[2019-07-19 18:52:50 ����]:DEBUG org.apache.ibatis.io.DefaultVFS.findJarForResource(DefaultVFS.java:248)Not a JAR: file:/D:/SpringDay01/day4/mybatis/target/classes/com/hand/lq/pojo/Orders.class
[2019-07-19 18:52:50 ����]:DEBUG org.apache.ibatis.io.DefaultVFS.list(DefaultVFS.java:102)Reader entry: ����&amp;#0;&amp;#0;&amp;#0;4&amp;#0;L
[2019-07-19 18:52:50 ����]:DEBUG org.apache.ibatis.io.DefaultVFS.findJarForResource(DefaultVFS.java:222)Find JAR URL: file:/D:/SpringDay01/day4/mybatis/target/classes/com/hand/lq/pojo/User.class
[2019-07-19 18:52:50 ����]:DEBUG org.apache.ibatis.io.DefaultVFS.findJarForResource(DefaultVFS.java:248)Not a JAR: file:/D:/SpringDay01/day4/mybatis/target/classes/com/hand/lq/pojo/User.class
[2019-07-19 18:52:50 ����]:DEBUG org.apache.ibatis.io.DefaultVFS.list(DefaultVFS.java:102)Reader entry: ����&amp;#0;&amp;#0;&amp;#0;4&amp;#0;N
[2019-07-19 18:52:50 ����]:DEBUG org.apache.ibatis.io.ResolverUtil.addIfMatching(ResolverUtil.java:256)Checking to see if class com.hand.lq.dao.Test1Mapper matches criteria [is assignable to Object]
[2019-07-19 18:52:50 ����]:DEBUG org.apache.ibatis.io.ResolverUtil.addIfMatching(ResolverUtil.java:256)Checking to see if class com.hand.lq.pojo.OrderDetails matches criteria [is assignable to Object]
[2019-07-19 18:52:50 ����]:DEBUG org.apache.ibatis.io.ResolverUtil.addIfMatching(ResolverUtil.java:256)Checking to see if class com.hand.lq.pojo.OrderExt matches criteria [is assignable to Object]
[2019-07-19 18:52:50 ����]:DEBUG org.apache.ibatis.io.ResolverUtil.addIfMatching(ResolverUtil.java:256)Checking to see if class com.hand.lq.pojo.OrderExt2 matches criteria [is assignable to Object]
[2019-07-19 18:52:50 ����]:DEBUG org.apache.ibatis.io.ResolverUtil.addIfMatching(ResolverUtil.java:256)Checking to see if class com.hand.lq.pojo.OrderExt3 matches criteria [is assignable to Object]
[2019-07-19 18:52:50 ����]:DEBUG org.apache.ibatis.io.ResolverUtil.addIfMatching(ResolverUtil.java:256)Checking to see if class com.hand.lq.pojo.Orders matches criteria [is assignable to Object]
[2019-07-19 18:52:50 ����]:DEBUG org.apache.ibatis.io.ResolverUtil.addIfMatching(ResolverUtil.java:256)Checking to see if class com.hand.lq.pojo.User matches criteria [is assignable to Object]
[2019-07-19 18:52:50 ����]:DEBUG org.apache.ibatis.datasource.pooled.PooledDataSource.forceCloseAll(PooledDataSource.java:335)PooledDataSource forcefully closed/removed all connections.
[2019-07-19 18:52:50 ����]:DEBUG org.apache.ibatis.cache.decorators.LoggingCache.getObject(LoggingCache.java:62)Cache Hit Ratio [com.hand.lq.dao.Test1Mapper]: 0.0
[2019-07-19 18:52:50 ����]:DEBUG org.apache.ibatis.transaction.jdbc.JdbcTransaction.openConnection(JdbcTransaction.java:137)Opening JDBC Connection
[2019-07-19 18:52:50 ����]:DEBUG org.apache.ibatis.datasource.pooled.PooledDataSource.popConnection(PooledDataSource.java:406)Created connection 2081191879.
[2019-07-19 18:52:50 ����]:DEBUG org.apache.ibatis.transaction.jdbc.JdbcTransaction.setDesiredAutoCommit(JdbcTransaction.java:101)Setting autocommit to false on JDBC Connection [com.mysql.jdbc.JDBC4Connection@7c0c77c7]
[2019-07-19 18:52:50 ����]:DEBUG org.apache.ibatis.logging.jdbc.BaseJdbcLogger.debug(BaseJdbcLogger.java:159)==&gt;  Preparing: SELECT orders.id, orders.user_id, orders.number, orders.createtime, orders.note, user.username, user.address FROM orders,user WHERE orders.user_id = user.id and orders.id=? 
[2019-07-19 18:52:50 ����]:DEBUG org.apache.ibatis.logging.jdbc.BaseJdbcLogger.debug(BaseJdbcLogger.java:159)==&gt; Parameters: 4(Integer)
[2019-07-19 18:52:50 ����]:DEBUG org.apache.ibatis.logging.jdbc.BaseJdbcLogger.debug(BaseJdbcLogger.java:159)&lt;==      Total: 1
OrderExt2{username=&apos;����&apos;, address=&apos;null&apos;, user=User{id=1, username=&apos;����&apos;, birthday=null, sex=null, address=&apos;null&apos;}, id=4, user_id=1, number=&apos;1000011&apos;, createTime=Tue Feb 03 13:22:41 GMT+08:00 2015, note=&apos;null&apos;}
[2019-07-19 18:52:50 ����]:DEBUG org.apache.ibatis.transaction.jdbc.JdbcTransaction.resetAutoCommit(JdbcTransaction.java:123)Resetting autocommit to true on JDBC Connection [com.mysql.jdbc.JDBC4Connection@7c0c77c7]
[2019-07-19 18:52:50 ����]:DEBUG org.apache.ibatis.transaction.jdbc.JdbcTransaction.close(JdbcTransaction.java:91)Closing JDBC Connection [com.mysql.jdbc.JDBC4Connection@7c0c77c7]
[2019-07-19 18:52:50 ����]:DEBUG org.apache.ibatis.datasource.pooled.PooledDataSource.pushConnection(PooledDataSource.java:363)Returned connection 2081191879 to pool.
</system-out>
  </testcase>
  <testcase classname="Test1" name="test3" time="0.05"/>
  <testcase classname="Test1" name="test4" time="0.09">
    <error message="Error serializing object.  Cause: java.io.NotSerializableException: com.hand.lq.pojo.OrderExt2_$$_jvst55_0" type="org.apache.ibatis.cache.CacheException">org.apache.ibatis.cache.CacheException: Error serializing object.  Cause: java.io.NotSerializableException: com.hand.lq.pojo.OrderExt2_$$_jvst55_0
	at org.apache.ibatis.cache.decorators.SerializedCache.serialize(SerializedCache.java:102)
	at org.apache.ibatis.cache.decorators.SerializedCache.putObject(SerializedCache.java:56)
	at org.apache.ibatis.cache.decorators.LoggingCache.putObject(LoggingCache.java:51)
	at org.apache.ibatis.cache.decorators.SynchronizedCache.putObject(SynchronizedCache.java:45)
	at org.apache.ibatis.cache.decorators.TransactionalCache.flushPendingEntries(TransactionalCache.java:122)
	at org.apache.ibatis.cache.decorators.TransactionalCache.commit(TransactionalCache.java:105)
	at org.apache.ibatis.cache.TransactionalCacheManager.commit(TransactionalCacheManager.java:44)
	at org.apache.ibatis.executor.CachingExecutor.close(CachingExecutor.java:61)
	at org.apache.ibatis.session.defaults.DefaultSqlSession.close(DefaultSqlSession.java:264)
	at Test1.test4(Test1.java:80)
	at sun.reflect.NativeMethodAccessorImpl.invoke0(Native Method)
	at sun.reflect.NativeMethodAccessorImpl.invoke(NativeMethodAccessorImpl.java:62)
	at sun.reflect.DelegatingMethodAccessorImpl.invoke(DelegatingMethodAccessorImpl.java:43)
	at java.lang.reflect.Method.invoke(Method.java:498)
	at org.junit.runners.model.FrameworkMethod$1.runReflectiveCall(FrameworkMethod.java:50)
	at org.junit.internal.runners.model.ReflectiveCallable.run(ReflectiveCallable.java:12)
	at org.junit.runners.model.FrameworkMethod.invokeExplosively(FrameworkMethod.java:47)
	at org.junit.internal.runners.statements.InvokeMethod.evaluate(InvokeMethod.java:17)
	at org.junit.internal.runners.statements.RunBefores.evaluate(RunBefores.java:26)
	at org.junit.runners.ParentRunner.runLeaf(ParentRunner.java:325)
	at org.junit.runners.BlockJUnit4ClassRunner.runChild(BlockJUnit4ClassRunner.java:78)
	at org.junit.runners.BlockJUnit4ClassRunner.runChild(BlockJUnit4ClassRunner.java:57)
	at org.junit.runners.ParentRunner$3.run(ParentRunner.java:290)
	at org.junit.runners.ParentRunner$1.schedule(ParentRunner.java:71)
	at org.junit.runners.ParentRunner.runChildren(ParentRunner.java:288)
	at org.junit.runners.ParentRunner.access$000(ParentRunner.java:58)
	at org.junit.runners.ParentRunner$2.evaluate(ParentRunner.java:268)
	at org.junit.runners.ParentRunner.run(ParentRunner.java:363)
	at org.apache.maven.surefire.junit4.JUnit4Provider.execute(JUnit4Provider.java:252)
	at org.apache.maven.surefire.junit4.JUnit4Provider.executeTestSet(JUnit4Provider.java:141)
	at org.apache.maven.surefire.junit4.JUnit4Provider.invoke(JUnit4Provider.java:112)
	at sun.reflect.NativeMethodAccessorImpl.invoke0(Native Method)
	at sun.reflect.NativeMethodAccessorImpl.invoke(NativeMethodAccessorImpl.java:62)
	at sun.reflect.DelegatingMethodAccessorImpl.invoke(DelegatingMethodAccessorImpl.java:43)
	at java.lang.reflect.Method.invoke(Method.java:498)
	at org.apache.maven.surefire.util.ReflectionUtils.invokeMethodWithArray(ReflectionUtils.java:189)
	at org.apache.maven.surefire.booter.ProviderFactory$ProviderProxy.invoke(ProviderFactory.java:165)
	at org.apache.maven.surefire.booter.ProviderFactory.invokeProvider(ProviderFactory.java:85)
	at org.apache.maven.surefire.booter.ForkedBooter.runSuitesInProcess(ForkedBooter.java:115)
	at org.apache.maven.surefire.booter.ForkedBooter.main(ForkedBooter.java:75)
Caused by: java.io.NotSerializableException: com.hand.lq.pojo.OrderExt2_$$_jvst55_0
	at java.io.ObjectOutputStream.writeObject0(ObjectOutputStream.java:1184)
	at java.io.ObjectOutputStream.writeObject(ObjectOutputStream.java:348)
	at java.util.ArrayList.writeObject(ArrayList.java:766)
	at sun.reflect.NativeMethodAccessorImpl.invoke0(Native Method)
	at sun.reflect.NativeMethodAccessorImpl.invoke(NativeMethodAccessorImpl.java:62)
	at sun.reflect.DelegatingMethodAccessorImpl.invoke(DelegatingMethodAccessorImpl.java:43)
	at java.lang.reflect.Method.invoke(Method.java:498)
	at java.io.ObjectStreamClass.invokeWriteObject(ObjectStreamClass.java:1140)
	at java.io.ObjectOutputStream.writeSerialData(ObjectOutputStream.java:1496)
	at java.io.ObjectOutputStream.writeOrdinaryObject(ObjectOutputStream.java:1432)
	at java.io.ObjectOutputStream.writeObject0(ObjectOutputStream.java:1178)
	at java.io.ObjectOutputStream.writeObject(ObjectOutputStream.java:348)
	at org.apache.ibatis.cache.decorators.SerializedCache.serialize(SerializedCache.java:97)
	... 39 more
</error>
    <system-out>[2019-07-19 18:52:50 ����]:DEBUG org.apache.ibatis.io.DefaultVFS.findJarForResource(DefaultVFS.java:222)Find JAR URL: file:/D:/SpringDay01/day4/mybatis/target/classes/com/hand/lq/pojo
[2019-07-19 18:52:50 ����]:DEBUG org.apache.ibatis.io.DefaultVFS.findJarForResource(DefaultVFS.java:248)Not a JAR: file:/D:/SpringDay01/day4/mybatis/target/classes/com/hand/lq/pojo
[2019-07-19 18:52:50 ����]:DEBUG org.apache.ibatis.io.DefaultVFS.list(DefaultVFS.java:102)Reader entry: OrderDetails.class
[2019-07-19 18:52:50 ����]:DEBUG org.apache.ibatis.io.DefaultVFS.list(DefaultVFS.java:102)Reader entry: OrderExt.class
[2019-07-19 18:52:50 ����]:DEBUG org.apache.ibatis.io.DefaultVFS.list(DefaultVFS.java:102)Reader entry: OrderExt2.class
[2019-07-19 18:52:50 ����]:DEBUG org.apache.ibatis.io.DefaultVFS.list(DefaultVFS.java:102)Reader entry: OrderExt3.class
[2019-07-19 18:52:50 ����]:DEBUG org.apache.ibatis.io.DefaultVFS.list(DefaultVFS.java:102)Reader entry: Orders.class
[2019-07-19 18:52:50 ����]:DEBUG org.apache.ibatis.io.DefaultVFS.list(DefaultVFS.java:102)Reader entry: User.class
[2019-07-19 18:52:50 ����]:DEBUG org.apache.ibatis.io.DefaultVFS.list(DefaultVFS.java:113)Listing file:/D:/SpringDay01/day4/mybatis/target/classes/com/hand/lq/pojo
[2019-07-19 18:52:50 ����]:DEBUG org.apache.ibatis.io.DefaultVFS.findJarForResource(DefaultVFS.java:222)Find JAR URL: file:/D:/SpringDay01/day4/mybatis/target/classes/com/hand/lq/pojo/OrderDetails.class
[2019-07-19 18:52:50 ����]:DEBUG org.apache.ibatis.io.DefaultVFS.findJarForResource(DefaultVFS.java:248)Not a JAR: file:/D:/SpringDay01/day4/mybatis/target/classes/com/hand/lq/pojo/OrderDetails.class
[2019-07-19 18:52:50 ����]:DEBUG org.apache.ibatis.io.DefaultVFS.list(DefaultVFS.java:102)Reader entry: ����&amp;#0;&amp;#0;&amp;#0;4&amp;#0;B
[2019-07-19 18:52:50 ����]:DEBUG org.apache.ibatis.io.DefaultVFS.findJarForResource(DefaultVFS.java:222)Find JAR URL: file:/D:/SpringDay01/day4/mybatis/target/classes/com/hand/lq/pojo/OrderExt.class
[2019-07-19 18:52:50 ����]:DEBUG org.apache.ibatis.io.DefaultVFS.findJarForResource(DefaultVFS.java:248)Not a JAR: file:/D:/SpringDay01/day4/mybatis/target/classes/com/hand/lq/pojo/OrderExt.class
[2019-07-19 18:52:50 ����]:DEBUG org.apache.ibatis.io.DefaultVFS.list(DefaultVFS.java:102)Reader entry: ����&amp;#0;&amp;#0;&amp;#0;4&amp;#0;L
[2019-07-19 18:52:50 ����]:DEBUG org.apache.ibatis.io.DefaultVFS.findJarForResource(DefaultVFS.java:222)Find JAR URL: file:/D:/SpringDay01/day4/mybatis/target/classes/com/hand/lq/pojo/OrderExt2.class
[2019-07-19 18:52:50 ����]:DEBUG org.apache.ibatis.io.DefaultVFS.findJarForResource(DefaultVFS.java:248)Not a JAR: file:/D:/SpringDay01/day4/mybatis/target/classes/com/hand/lq/pojo/OrderExt2.class
[2019-07-19 18:52:50 ����]:DEBUG org.apache.ibatis.io.DefaultVFS.list(DefaultVFS.java:102)Reader entry: ����&amp;#0;&amp;#0;&amp;#0;4&amp;#0;V
[2019-07-19 18:52:50 ����]:DEBUG org.apache.ibatis.io.DefaultVFS.findJarForResource(DefaultVFS.java:222)Find JAR URL: file:/D:/SpringDay01/day4/mybatis/target/classes/com/hand/lq/pojo/OrderExt3.class
[2019-07-19 18:52:50 ����]:DEBUG org.apache.ibatis.io.DefaultVFS.findJarForResource(DefaultVFS.java:248)Not a JAR: file:/D:/SpringDay01/day4/mybatis/target/classes/com/hand/lq/pojo/OrderExt3.class
[2019-07-19 18:52:50 ����]:DEBUG org.apache.ibatis.io.DefaultVFS.list(DefaultVFS.java:102)Reader entry: ����&amp;#0;&amp;#0;&amp;#0;4&amp;#0;g
[2019-07-19 18:52:50 ����]:DEBUG org.apache.ibatis.io.DefaultVFS.findJarForResource(DefaultVFS.java:222)Find JAR URL: file:/D:/SpringDay01/day4/mybatis/target/classes/com/hand/lq/pojo/Orders.class
[2019-07-19 18:52:50 ����]:DEBUG org.apache.ibatis.io.DefaultVFS.findJarForResource(DefaultVFS.java:248)Not a JAR: file:/D:/SpringDay01/day4/mybatis/target/classes/com/hand/lq/pojo/Orders.class
[2019-07-19 18:52:50 ����]:DEBUG org.apache.ibatis.io.DefaultVFS.list(DefaultVFS.java:102)Reader entry: ����&amp;#0;&amp;#0;&amp;#0;4&amp;#0;L
[2019-07-19 18:52:50 ����]:DEBUG org.apache.ibatis.io.DefaultVFS.findJarForResource(DefaultVFS.java:222)Find JAR URL: file:/D:/SpringDay01/day4/mybatis/target/classes/com/hand/lq/pojo/User.class
[2019-07-19 18:52:50 ����]:DEBUG org.apache.ibatis.io.DefaultVFS.findJarForResource(DefaultVFS.java:248)Not a JAR: file:/D:/SpringDay01/day4/mybatis/target/classes/com/hand/lq/pojo/User.class
[2019-07-19 18:52:50 ����]:DEBUG org.apache.ibatis.io.DefaultVFS.list(DefaultVFS.java:102)Reader entry: ����&amp;#0;&amp;#0;&amp;#0;4&amp;#0;N
[2019-07-19 18:52:50 ����]:DEBUG org.apache.ibatis.io.ResolverUtil.addIfMatching(ResolverUtil.java:256)Checking to see if class com.hand.lq.pojo.OrderDetails matches criteria [is assignable to Object]
[2019-07-19 18:52:50 ����]:DEBUG org.apache.ibatis.io.ResolverUtil.addIfMatching(ResolverUtil.java:256)Checking to see if class com.hand.lq.pojo.OrderExt matches criteria [is assignable to Object]
[2019-07-19 18:52:50 ����]:DEBUG org.apache.ibatis.io.ResolverUtil.addIfMatching(ResolverUtil.java:256)Checking to see if class com.hand.lq.pojo.OrderExt2 matches criteria [is assignable to Object]
[2019-07-19 18:52:50 ����]:DEBUG org.apache.ibatis.io.ResolverUtil.addIfMatching(ResolverUtil.java:256)Checking to see if class com.hand.lq.pojo.OrderExt3 matches criteria [is assignable to Object]
[2019-07-19 18:52:50 ����]:DEBUG org.apache.ibatis.io.ResolverUtil.addIfMatching(ResolverUtil.java:256)Checking to see if class com.hand.lq.pojo.Orders matches criteria [is assignable to Object]
[2019-07-19 18:52:50 ����]:DEBUG org.apache.ibatis.io.ResolverUtil.addIfMatching(ResolverUtil.java:256)Checking to see if class com.hand.lq.pojo.User matches criteria [is assignable to Object]
[2019-07-19 18:52:50 ����]:DEBUG org.apache.ibatis.datasource.pooled.PooledDataSource.forceCloseAll(PooledDataSource.java:335)PooledDataSource forcefully closed/removed all connections.
[2019-07-19 18:52:50 ����]:DEBUG org.apache.ibatis.datasource.pooled.PooledDataSource.forceCloseAll(PooledDataSource.java:335)PooledDataSource forcefully closed/removed all connections.
[2019-07-19 18:52:50 ����]:DEBUG org.apache.ibatis.datasource.pooled.PooledDataSource.forceCloseAll(PooledDataSource.java:335)PooledDataSource forcefully closed/removed all connections.
[2019-07-19 18:52:50 ����]:DEBUG org.apache.ibatis.datasource.pooled.PooledDataSource.forceCloseAll(PooledDataSource.java:335)PooledDataSource forcefully closed/removed all connections.
[2019-07-19 18:52:50 ����]:DEBUG org.apache.ibatis.io.DefaultVFS.findJarForResource(DefaultVFS.java:222)Find JAR URL: file:/D:/SpringDay01/day4/mybatis/target/classes/com/hand/lq
[2019-07-19 18:52:50 ����]:DEBUG org.apache.ibatis.io.DefaultVFS.findJarForResource(DefaultVFS.java:248)Not a JAR: file:/D:/SpringDay01/day4/mybatis/target/classes/com/hand/lq
[2019-07-19 18:52:50 ����]:DEBUG org.apache.ibatis.io.DefaultVFS.list(DefaultVFS.java:102)Reader entry: dao
[2019-07-19 18:52:50 ����]:DEBUG org.apache.ibatis.io.DefaultVFS.list(DefaultVFS.java:102)Reader entry: pojo
[2019-07-19 18:52:50 ����]:DEBUG org.apache.ibatis.io.DefaultVFS.list(DefaultVFS.java:113)Listing file:/D:/SpringDay01/day4/mybatis/target/classes/com/hand/lq
[2019-07-19 18:52:50 ����]:DEBUG org.apache.ibatis.io.DefaultVFS.findJarForResource(DefaultVFS.java:222)Find JAR URL: file:/D:/SpringDay01/day4/mybatis/target/classes/com/hand/lq/dao
[2019-07-19 18:52:50 ����]:DEBUG org.apache.ibatis.io.DefaultVFS.findJarForResource(DefaultVFS.java:248)Not a JAR: file:/D:/SpringDay01/day4/mybatis/target/classes/com/hand/lq/dao
[2019-07-19 18:52:50 ����]:DEBUG org.apache.ibatis.io.DefaultVFS.list(DefaultVFS.java:102)Reader entry: Test1Mapper.class
[2019-07-19 18:52:50 ����]:DEBUG org.apache.ibatis.io.DefaultVFS.list(DefaultVFS.java:102)Reader entry: Test1Mapper.xml
[2019-07-19 18:52:50 ����]:DEBUG org.apache.ibatis.io.DefaultVFS.list(DefaultVFS.java:113)Listing file:/D:/SpringDay01/day4/mybatis/target/classes/com/hand/lq/dao
[2019-07-19 18:52:50 ����]:DEBUG org.apache.ibatis.io.DefaultVFS.findJarForResource(DefaultVFS.java:222)Find JAR URL: file:/D:/SpringDay01/day4/mybatis/target/classes/com/hand/lq/dao/Test1Mapper.class
[2019-07-19 18:52:50 ����]:DEBUG org.apache.ibatis.io.DefaultVFS.findJarForResource(DefaultVFS.java:248)Not a JAR: file:/D:/SpringDay01/day4/mybatis/target/classes/com/hand/lq/dao/Test1Mapper.class
[2019-07-19 18:52:50 ����]:DEBUG org.apache.ibatis.io.DefaultVFS.list(DefaultVFS.java:102)Reader entry: ����&amp;#0;&amp;#0;&amp;#0;4&amp;#0;&amp;#21;&amp;#7;&amp;#0;&amp;#19;&amp;#7;&amp;#0;&amp;#20;&amp;#1;&amp;#0;&amp;#12;findOrderExt&amp;#1;&amp;#0;8(Lcom/hand/lq/pojo/OrderExt;)Lcom/hand/lq/pojo/OrderExt;&amp;#1;&amp;#0;
[2019-07-19 18:52:50 ����]:DEBUG org.apache.ibatis.io.DefaultVFS.findJarForResource(DefaultVFS.java:222)Find JAR URL: file:/D:/SpringDay01/day4/mybatis/target/classes/com/hand/lq/dao/Test1Mapper.xml
[2019-07-19 18:52:50 ����]:DEBUG org.apache.ibatis.io.DefaultVFS.findJarForResource(DefaultVFS.java:248)Not a JAR: file:/D:/SpringDay01/day4/mybatis/target/classes/com/hand/lq/dao/Test1Mapper.xml
[2019-07-19 18:52:50 ����]:DEBUG org.apache.ibatis.io.DefaultVFS.list(DefaultVFS.java:102)Reader entry: &lt;?xml version=&quot;1.0&quot; encoding=&quot;UTF-8&quot;?&gt;
[2019-07-19 18:52:50 ����]:DEBUG org.apache.ibatis.io.DefaultVFS.findJarForResource(DefaultVFS.java:222)Find JAR URL: file:/D:/SpringDay01/day4/mybatis/target/classes/com/hand/lq/pojo
[2019-07-19 18:52:50 ����]:DEBUG org.apache.ibatis.io.DefaultVFS.findJarForResource(DefaultVFS.java:248)Not a JAR: file:/D:/SpringDay01/day4/mybatis/target/classes/com/hand/lq/pojo
[2019-07-19 18:52:50 ����]:DEBUG org.apache.ibatis.io.DefaultVFS.list(DefaultVFS.java:102)Reader entry: OrderDetails.class
[2019-07-19 18:52:50 ����]:DEBUG org.apache.ibatis.io.DefaultVFS.list(DefaultVFS.java:102)Reader entry: OrderExt.class
[2019-07-19 18:52:50 ����]:DEBUG org.apache.ibatis.io.DefaultVFS.list(DefaultVFS.java:102)Reader entry: OrderExt2.class
[2019-07-19 18:52:50 ����]:DEBUG org.apache.ibatis.io.DefaultVFS.list(DefaultVFS.java:102)Reader entry: OrderExt3.class
[2019-07-19 18:52:50 ����]:DEBUG org.apache.ibatis.io.DefaultVFS.list(DefaultVFS.java:102)Reader entry: Orders.class
[2019-07-19 18:52:50 ����]:DEBUG org.apache.ibatis.io.DefaultVFS.list(DefaultVFS.java:102)Reader entry: User.class
[2019-07-19 18:52:50 ����]:DEBUG org.apache.ibatis.io.DefaultVFS.list(DefaultVFS.java:113)Listing file:/D:/SpringDay01/day4/mybatis/target/classes/com/hand/lq/pojo
[2019-07-19 18:52:50 ����]:DEBUG org.apache.ibatis.io.DefaultVFS.findJarForResource(DefaultVFS.java:222)Find JAR URL: file:/D:/SpringDay01/day4/mybatis/target/classes/com/hand/lq/pojo/OrderDetails.class
[2019-07-19 18:52:50 ����]:DEBUG org.apache.ibatis.io.DefaultVFS.findJarForResource(DefaultVFS.java:248)Not a JAR: file:/D:/SpringDay01/day4/mybatis/target/classes/com/hand/lq/pojo/OrderDetails.class
[2019-07-19 18:52:50 ����]:DEBUG org.apache.ibatis.io.DefaultVFS.list(DefaultVFS.java:102)Reader entry: ����&amp;#0;&amp;#0;&amp;#0;4&amp;#0;B
[2019-07-19 18:52:50 ����]:DEBUG org.apache.ibatis.io.DefaultVFS.findJarForResource(DefaultVFS.java:222)Find JAR URL: file:/D:/SpringDay01/day4/mybatis/target/classes/com/hand/lq/pojo/OrderExt.class
[2019-07-19 18:52:50 ����]:DEBUG org.apache.ibatis.io.DefaultVFS.findJarForResource(DefaultVFS.java:248)Not a JAR: file:/D:/SpringDay01/day4/mybatis/target/classes/com/hand/lq/pojo/OrderExt.class
[2019-07-19 18:52:50 ����]:DEBUG org.apache.ibatis.io.DefaultVFS.list(DefaultVFS.java:102)Reader entry: ����&amp;#0;&amp;#0;&amp;#0;4&amp;#0;L
[2019-07-19 18:52:50 ����]:DEBUG org.apache.ibatis.io.DefaultVFS.findJarForResource(DefaultVFS.java:222)Find JAR URL: file:/D:/SpringDay01/day4/mybatis/target/classes/com/hand/lq/pojo/OrderExt2.class
[2019-07-19 18:52:50 ����]:DEBUG org.apache.ibatis.io.DefaultVFS.findJarForResource(DefaultVFS.java:248)Not a JAR: file:/D:/SpringDay01/day4/mybatis/target/classes/com/hand/lq/pojo/OrderExt2.class
[2019-07-19 18:52:50 ����]:DEBUG org.apache.ibatis.io.DefaultVFS.list(DefaultVFS.java:102)Reader entry: ����&amp;#0;&amp;#0;&amp;#0;4&amp;#0;V
[2019-07-19 18:52:50 ����]:DEBUG org.apache.ibatis.io.DefaultVFS.findJarForResource(DefaultVFS.java:222)Find JAR URL: file:/D:/SpringDay01/day4/mybatis/target/classes/com/hand/lq/pojo/OrderExt3.class
[2019-07-19 18:52:50 ����]:DEBUG org.apache.ibatis.io.DefaultVFS.findJarForResource(DefaultVFS.java:248)Not a JAR: file:/D:/SpringDay01/day4/mybatis/target/classes/com/hand/lq/pojo/OrderExt3.class
[2019-07-19 18:52:50 ����]:DEBUG org.apache.ibatis.io.DefaultVFS.list(DefaultVFS.java:102)Reader entry: ����&amp;#0;&amp;#0;&amp;#0;4&amp;#0;g
[2019-07-19 18:52:50 ����]:DEBUG org.apache.ibatis.io.DefaultVFS.findJarForResource(DefaultVFS.java:222)Find JAR URL: file:/D:/SpringDay01/day4/mybatis/target/classes/com/hand/lq/pojo/Orders.class
[2019-07-19 18:52:50 ����]:DEBUG org.apache.ibatis.io.DefaultVFS.findJarForResource(DefaultVFS.java:248)Not a JAR: file:/D:/SpringDay01/day4/mybatis/target/classes/com/hand/lq/pojo/Orders.class
[2019-07-19 18:52:50 ����]:DEBUG org.apache.ibatis.io.DefaultVFS.list(DefaultVFS.java:102)Reader entry: ����&amp;#0;&amp;#0;&amp;#0;4&amp;#0;L
[2019-07-19 18:52:50 ����]:DEBUG org.apache.ibatis.io.DefaultVFS.findJarForResource(DefaultVFS.java:222)Find JAR URL: file:/D:/SpringDay01/day4/mybatis/target/classes/com/hand/lq/pojo/User.class
[2019-07-19 18:52:50 ����]:DEBUG org.apache.ibatis.io.DefaultVFS.findJarForResource(DefaultVFS.java:248)Not a JAR: file:/D:/SpringDay01/day4/mybatis/target/classes/com/hand/lq/pojo/User.class
[2019-07-19 18:52:50 ����]:DEBUG org.apache.ibatis.io.DefaultVFS.list(DefaultVFS.java:102)Reader entry: ����&amp;#0;&amp;#0;&amp;#0;4&amp;#0;N
[2019-07-19 18:52:50 ����]:DEBUG org.apache.ibatis.io.ResolverUtil.addIfMatching(ResolverUtil.java:256)Checking to see if class com.hand.lq.dao.Test1Mapper matches criteria [is assignable to Object]
[2019-07-19 18:52:50 ����]:DEBUG org.apache.ibatis.io.ResolverUtil.addIfMatching(ResolverUtil.java:256)Checking to see if class com.hand.lq.pojo.OrderDetails matches criteria [is assignable to Object]
[2019-07-19 18:52:50 ����]:DEBUG org.apache.ibatis.io.ResolverUtil.addIfMatching(ResolverUtil.java:256)Checking to see if class com.hand.lq.pojo.OrderExt matches criteria [is assignable to Object]
[2019-07-19 18:52:50 ����]:DEBUG org.apache.ibatis.io.ResolverUtil.addIfMatching(ResolverUtil.java:256)Checking to see if class com.hand.lq.pojo.OrderExt2 matches criteria [is assignable to Object]
[2019-07-19 18:52:50 ����]:DEBUG org.apache.ibatis.io.ResolverUtil.addIfMatching(ResolverUtil.java:256)Checking to see if class com.hand.lq.pojo.OrderExt3 matches criteria [is assignable to Object]
[2019-07-19 18:52:50 ����]:DEBUG org.apache.ibatis.io.ResolverUtil.addIfMatching(ResolverUtil.java:256)Checking to see if class com.hand.lq.pojo.Orders matches criteria [is assignable to Object]
[2019-07-19 18:52:50 ����]:DEBUG org.apache.ibatis.io.ResolverUtil.addIfMatching(ResolverUtil.java:256)Checking to see if class com.hand.lq.pojo.User matches criteria [is assignable to Object]
[2019-07-19 18:52:50 ����]:DEBUG org.apache.ibatis.cache.decorators.LoggingCache.getObject(LoggingCache.java:62)Cache Hit Ratio [com.hand.lq.dao.Test1Mapper]: 0.0
[2019-07-19 18:52:50 ����]:DEBUG org.apache.ibatis.transaction.jdbc.JdbcTransaction.openConnection(JdbcTransaction.java:137)Opening JDBC Connection
[2019-07-19 18:52:50 ����]:DEBUG org.apache.ibatis.datasource.pooled.PooledDataSource.popConnection(PooledDataSource.java:406)Created connection 1107024580.
[2019-07-19 18:52:50 ����]:DEBUG org.apache.ibatis.transaction.jdbc.JdbcTransaction.setDesiredAutoCommit(JdbcTransaction.java:101)Setting autocommit to false on JDBC Connection [com.mysql.jdbc.JDBC4Connection@41fbdac4]
[2019-07-19 18:52:50 ����]:DEBUG org.apache.ibatis.logging.jdbc.BaseJdbcLogger.debug(BaseJdbcLogger.java:159)==&gt;  Preparing: SELECT orders.id, orders.user_id, orders.number, orders.createtime, orders.note FROM orders WHERE orders.id=? 
[2019-07-19 18:52:50 ����]:DEBUG org.apache.ibatis.logging.jdbc.BaseJdbcLogger.debug(BaseJdbcLogger.java:159)==&gt; Parameters: 4(Integer)
[2019-07-19 18:52:50 ����]:DEBUG org.apache.ibatis.logging.jdbc.BaseJdbcLogger.debug(BaseJdbcLogger.java:159)&lt;==      Total: 1
[2019-07-19 18:52:50 ����]:DEBUG org.apache.ibatis.cache.decorators.LoggingCache.getObject(LoggingCache.java:62)Cache Hit Ratio [com.hand.lq.dao.Test1Mapper]: 0.0
[2019-07-19 18:52:50 ����]:DEBUG org.apache.ibatis.logging.jdbc.BaseJdbcLogger.debug(BaseJdbcLogger.java:159)==&gt;  Preparing: select * from user where id=? 
[2019-07-19 18:52:50 ����]:DEBUG org.apache.ibatis.logging.jdbc.BaseJdbcLogger.debug(BaseJdbcLogger.java:159)==&gt; Parameters: 1(Integer)
[2019-07-19 18:52:50 ����]:DEBUG org.apache.ibatis.logging.jdbc.BaseJdbcLogger.debug(BaseJdbcLogger.java:159)&lt;==      Total: 1
User{id=1, username=&apos;����&apos;, birthday=null, sex=2, address=&apos;null&apos;}
[2019-07-19 18:52:50 ����]:DEBUG org.apache.ibatis.transaction.jdbc.JdbcTransaction.resetAutoCommit(JdbcTransaction.java:123)Resetting autocommit to true on JDBC Connection [com.mysql.jdbc.JDBC4Connection@41fbdac4]
[2019-07-19 18:52:50 ����]:DEBUG org.apache.ibatis.transaction.jdbc.JdbcTransaction.close(JdbcTransaction.java:91)Closing JDBC Connection [com.mysql.jdbc.JDBC4Connection@41fbdac4]
[2019-07-19 18:52:50 ����]:DEBUG org.apache.ibatis.datasource.pooled.PooledDataSource.pushConnection(PooledDataSource.java:363)Returned connection 1107024580 to pool.
</system-out>
  </testcase>
  <testcase classname="Test1" name="test5" time="0.05"/>
  <testcase classname="Test1" name="test6" time="0.09"/>
</testsuite>